{"/home/cal/projects/pokerpro-backend/match-maker/index.js":{"path":"/home/cal/projects/pokerpro-backend/match-maker/index.js","s":{"1":1,"2":0,"3":0,"4":0,"5":1,"6":1,"7":0,"8":0,"9":0,"10":0,"11":0,"12":0,"13":0,"14":0,"15":0,"16":0,"17":0,"18":1},"b":{"1":[0,0]},"f":{"1":0,"2":0},"fnMap":{"1":{"name":"MatchMaker","line":1,"loc":{"start":{"line":1,"column":0},"end":{"line":1,"column":28}}},"2":{"name":"(anonymous_2)","line":11,"loc":{"start":{"line":11,"column":33},"end":{"line":11,"column":52}}}},"statementMap":{"1":{"start":{"line":1,"column":0},"end":{"line":6,"column":1}},"2":{"start":{"line":2,"column":4},"end":{"line":2,"column":25}},"3":{"start":{"line":4,"column":4},"end":{"line":4,"column":20}},"4":{"start":{"line":5,"column":4},"end":{"line":5,"column":24}},"5":{"start":{"line":9,"column":0},"end":{"line":9,"column":17}},"6":{"start":{"line":11,"column":0},"end":{"line":40,"column":1}},"7":{"start":{"line":13,"column":4},"end":{"line":13,"column":67}},"8":{"start":{"line":16,"column":4},"end":{"line":16,"column":29}},"9":{"start":{"line":20,"column":4},"end":{"line":39,"column":5}},"10":{"start":{"line":21,"column":8},"end":{"line":21,"column":29}},"11":{"start":{"line":22,"column":8},"end":{"line":22,"column":25}},"12":{"start":{"line":25,"column":8},"end":{"line":27,"column":9}},"13":{"start":{"line":26,"column":12},"end":{"line":26,"column":75}},"14":{"start":{"line":30,"column":8},"end":{"line":32,"column":9}},"15":{"start":{"line":31,"column":12},"end":{"line":31,"column":63}},"16":{"start":{"line":35,"column":8},"end":{"line":35,"column":63}},"17":{"start":{"line":38,"column":8},"end":{"line":38,"column":24}},"18":{"start":{"line":42,"column":0},"end":{"line":42,"column":28}}},"branchMap":{"1":{"line":20,"type":"if","locations":[{"start":{"line":20,"column":4},"end":{"line":20,"column":4}},{"start":{"line":20,"column":4},"end":{"line":20,"column":4}}]}}},"/home/cal/projects/pokerpro-backend/engine/index.js":{"path":"/home/cal/projects/pokerpro-backend/engine/index.js","s":{"1":1,"2":1,"3":1,"4":1,"5":1,"6":1,"7":0,"8":0,"9":0,"10":0,"11":0,"12":0,"13":0,"14":0,"15":0,"16":0,"17":0,"18":0,"19":0,"20":0,"21":0,"22":0,"23":0,"24":0,"25":0,"26":0,"27":0,"28":0,"29":0,"30":0,"31":0,"32":0,"33":0,"34":0,"35":0,"36":0,"37":0,"38":0,"39":0,"40":0,"41":0,"42":0,"43":0,"44":0,"45":0,"46":0,"47":0,"48":0,"49":0,"50":0,"51":0,"52":0,"53":0,"54":0,"55":0,"56":0,"57":0,"58":0,"59":0,"60":0,"61":1,"62":1,"63":1,"64":1,"65":1,"66":1,"67":1,"68":1},"b":{"1":[0,0],"2":[0,0],"3":[0,0],"4":[0,0],"5":[0,0],"6":[0,0],"7":[0,0],"8":[0,0]},"f":{"1":0,"2":0,"3":0,"4":0,"5":0,"6":0,"7":0,"8":0,"9":0,"10":0},"fnMap":{"1":{"name":"(anonymous_1)","line":36,"loc":{"start":{"line":36,"column":11},"end":{"line":36,"column":50}}},"2":{"name":"(anonymous_2)","line":57,"loc":{"start":{"line":57,"column":13},"end":{"line":57,"column":16}}},"3":{"name":"(anonymous_3)","line":62,"loc":{"start":{"line":62,"column":13},"end":{"line":62,"column":16}}},"4":{"name":"(anonymous_4)","line":80,"loc":{"start":{"line":80,"column":17},"end":{"line":80,"column":29}}},"5":{"name":"(anonymous_5)","line":82,"loc":{"start":{"line":82,"column":14},"end":{"line":82,"column":25}}},"6":{"name":"(anonymous_6)","line":87,"loc":{"start":{"line":87,"column":15},"end":{"line":87,"column":29}}},"7":{"name":"(anonymous_7)","line":120,"loc":{"start":{"line":120,"column":11},"end":{"line":120,"column":54}}},"8":{"name":"(anonymous_8)","line":159,"loc":{"start":{"line":159,"column":11},"end":{"line":159,"column":34}}},"9":{"name":"(anonymous_9)","line":186,"loc":{"start":{"line":186,"column":11},"end":{"line":186,"column":34}}},"10":{"name":"(anonymous_10)","line":213,"loc":{"start":{"line":213,"column":11},"end":{"line":213,"column":29}}}},"statementMap":{"1":{"start":{"line":4,"column":0},"end":{"line":4,"column":35}},"2":{"start":{"line":6,"column":0},"end":{"line":6,"column":33}},"3":{"start":{"line":7,"column":0},"end":{"line":7,"column":41}},"4":{"start":{"line":9,"column":0},"end":{"line":9,"column":49}},"5":{"start":{"line":10,"column":0},"end":{"line":10,"column":53}},"6":{"start":{"line":12,"column":0},"end":{"line":233,"column":3}},"7":{"start":{"line":37,"column":6},"end":{"line":37,"column":20}},"8":{"start":{"line":38,"column":6},"end":{"line":38,"column":27}},"9":{"start":{"line":39,"column":6},"end":{"line":39,"column":37}},"10":{"start":{"line":40,"column":6},"end":{"line":40,"column":36}},"11":{"start":{"line":41,"column":6},"end":{"line":41,"column":31}},"12":{"start":{"line":43,"column":6},"end":{"line":43,"column":30}},"13":{"start":{"line":45,"column":6},"end":{"line":45,"column":103}},"14":{"start":{"line":48,"column":6},"end":{"line":48,"column":82}},"15":{"start":{"line":51,"column":6},"end":{"line":51,"column":49}},"16":{"start":{"line":53,"column":6},"end":{"line":53,"column":68}},"17":{"start":{"line":53,"column":57},"end":{"line":53,"column":66}},"18":{"start":{"line":55,"column":6},"end":{"line":66,"column":9}},"19":{"start":{"line":58,"column":12},"end":{"line":58,"column":77}},"20":{"start":{"line":58,"column":44},"end":{"line":58,"column":75}},"21":{"start":{"line":63,"column":12},"end":{"line":63,"column":93}},"22":{"start":{"line":63,"column":52},"end":{"line":63,"column":91}},"23":{"start":{"line":69,"column":6},"end":{"line":72,"column":7}},"24":{"start":{"line":70,"column":8},"end":{"line":70,"column":116}},"25":{"start":{"line":71,"column":8},"end":{"line":71,"column":79}},"26":{"start":{"line":74,"column":6},"end":{"line":74,"column":47}},"27":{"start":{"line":76,"column":6},"end":{"line":76,"column":142}},"28":{"start":{"line":76,"column":76},"end":{"line":76,"column":82}},"29":{"start":{"line":80,"column":6},"end":{"line":94,"column":14}},"30":{"start":{"line":81,"column":8},"end":{"line":93,"column":11}},"31":{"start":{"line":83,"column":10},"end":{"line":83,"column":97}},"32":{"start":{"line":84,"column":10},"end":{"line":84,"column":50}},"33":{"start":{"line":85,"column":10},"end":{"line":85,"column":83}},"34":{"start":{"line":90,"column":10},"end":{"line":90,"column":52}},"35":{"start":{"line":91,"column":10},"end":{"line":91,"column":93}},"36":{"start":{"line":92,"column":10},"end":{"line":92,"column":87}},"37":{"start":{"line":127,"column":6},"end":{"line":127,"column":54}},"38":{"start":{"line":133,"column":6},"end":{"line":134,"column":64}},"39":{"start":{"line":134,"column":8},"end":{"line":134,"column":64}},"40":{"start":{"line":140,"column":6},"end":{"line":141,"column":15}},"41":{"start":{"line":141,"column":8},"end":{"line":141,"column":15}},"42":{"start":{"line":143,"column":6},"end":{"line":143,"column":50}},"43":{"start":{"line":160,"column":6},"end":{"line":160,"column":54}},"44":{"start":{"line":162,"column":6},"end":{"line":163,"column":15}},"45":{"start":{"line":163,"column":8},"end":{"line":163,"column":15}},"46":{"start":{"line":165,"column":6},"end":{"line":166,"column":15}},"47":{"start":{"line":166,"column":8},"end":{"line":166,"column":15}},"48":{"start":{"line":168,"column":6},"end":{"line":168,"column":101}},"49":{"start":{"line":169,"column":6},"end":{"line":169,"column":51}},"50":{"start":{"line":187,"column":6},"end":{"line":187,"column":54}},"51":{"start":{"line":189,"column":6},"end":{"line":190,"column":15}},"52":{"start":{"line":190,"column":8},"end":{"line":190,"column":15}},"53":{"start":{"line":192,"column":6},"end":{"line":193,"column":15}},"54":{"start":{"line":193,"column":8},"end":{"line":193,"column":15}},"55":{"start":{"line":195,"column":6},"end":{"line":195,"column":98}},"56":{"start":{"line":196,"column":6},"end":{"line":196,"column":52}},"57":{"start":{"line":215,"column":6},"end":{"line":215,"column":59}},"58":{"start":{"line":218,"column":6},"end":{"line":227,"column":7}},"59":{"start":{"line":221,"column":8},"end":{"line":221,"column":34}},"60":{"start":{"line":225,"column":6},"end":{"line":225,"column":65}},"61":{"start":{"line":237,"column":0},"end":{"line":237,"column":36}},"62":{"start":{"line":239,"column":0},"end":{"line":239,"column":37}},"63":{"start":{"line":244,"column":0},"end":{"line":244,"column":43}},"64":{"start":{"line":246,"column":0},"end":{"line":246,"column":52}},"65":{"start":{"line":247,"column":0},"end":{"line":247,"column":53}},"66":{"start":{"line":249,"column":0},"end":{"line":249,"column":68}},"67":{"start":{"line":250,"column":0},"end":{"line":250,"column":75}},"68":{"start":{"line":252,"column":0},"end":{"line":252,"column":76}}},"branchMap":{"1":{"line":69,"type":"if","locations":[{"start":{"line":69,"column":6},"end":{"line":69,"column":6}},{"start":{"line":69,"column":6},"end":{"line":69,"column":6}}]},"2":{"line":133,"type":"if","locations":[{"start":{"line":133,"column":6},"end":{"line":133,"column":6}},{"start":{"line":133,"column":6},"end":{"line":133,"column":6}}]},"3":{"line":140,"type":"if","locations":[{"start":{"line":140,"column":6},"end":{"line":140,"column":6}},{"start":{"line":140,"column":6},"end":{"line":140,"column":6}}]},"4":{"line":162,"type":"if","locations":[{"start":{"line":162,"column":6},"end":{"line":162,"column":6}},{"start":{"line":162,"column":6},"end":{"line":162,"column":6}}]},"5":{"line":165,"type":"if","locations":[{"start":{"line":165,"column":6},"end":{"line":165,"column":6}},{"start":{"line":165,"column":6},"end":{"line":165,"column":6}}]},"6":{"line":189,"type":"if","locations":[{"start":{"line":189,"column":6},"end":{"line":189,"column":6}},{"start":{"line":189,"column":6},"end":{"line":189,"column":6}}]},"7":{"line":192,"type":"if","locations":[{"start":{"line":192,"column":6},"end":{"line":192,"column":6}},{"start":{"line":192,"column":6},"end":{"line":192,"column":6}}]},"8":{"line":218,"type":"if","locations":[{"start":{"line":218,"column":6},"end":{"line":218,"column":6}},{"start":{"line":218,"column":6},"end":{"line":218,"column":6}}]}}},"/home/cal/projects/pokerpro-backend/engine/config.js":{"path":"/home/cal/projects/pokerpro-backend/engine/config.js","s":{"1":1,"2":1,"3":0,"4":0,"5":0,"6":0,"7":0,"8":0,"9":0,"10":1,"11":0,"12":0,"13":0,"14":0,"15":1},"b":{"1":[0,1],"2":[0,0],"3":[0,0],"4":[0,0],"5":[0,1]},"f":{},"fnMap":{},"statementMap":{"1":{"start":{"line":4,"column":0},"end":{"line":57,"column":2}},"2":{"start":{"line":59,"column":0},"end":{"line":85,"column":1}},"3":{"start":{"line":61,"column":2},"end":{"line":61,"column":37}},"4":{"start":{"line":63,"column":2},"end":{"line":65,"column":3}},"5":{"start":{"line":64,"column":4},"end":{"line":64,"column":63}},"6":{"start":{"line":67,"column":2},"end":{"line":69,"column":3}},"7":{"start":{"line":68,"column":4},"end":{"line":68,"column":51}},"8":{"start":{"line":71,"column":2},"end":{"line":73,"column":3}},"9":{"start":{"line":72,"column":4},"end":{"line":72,"column":51}},"10":{"start":{"line":76,"column":5},"end":{"line":85,"column":1}},"11":{"start":{"line":80,"column":2},"end":{"line":80,"column":21}},"12":{"start":{"line":81,"column":2},"end":{"line":81,"column":76}},"13":{"start":{"line":82,"column":2},"end":{"line":82,"column":29}},"14":{"start":{"line":83,"column":2},"end":{"line":83,"column":28}},"15":{"start":{"line":87,"column":0},"end":{"line":87,"column":34}}},"branchMap":{"1":{"line":59,"type":"if","locations":[{"start":{"line":59,"column":0},"end":{"line":59,"column":0}},{"start":{"line":59,"column":0},"end":{"line":59,"column":0}}]},"2":{"line":63,"type":"if","locations":[{"start":{"line":63,"column":2},"end":{"line":63,"column":2}},{"start":{"line":63,"column":2},"end":{"line":63,"column":2}}]},"3":{"line":67,"type":"if","locations":[{"start":{"line":67,"column":2},"end":{"line":67,"column":2}},{"start":{"line":67,"column":2},"end":{"line":67,"column":2}}]},"4":{"line":71,"type":"if","locations":[{"start":{"line":71,"column":2},"end":{"line":71,"column":2}},{"start":{"line":71,"column":2},"end":{"line":71,"column":2}}]},"5":{"line":76,"type":"if","locations":[{"start":{"line":76,"column":5},"end":{"line":76,"column":5}},{"start":{"line":76,"column":5},"end":{"line":76,"column":5}}]}}},"/home/cal/projects/pokerpro-backend/engine/storage/logger.js":{"path":"/home/cal/projects/pokerpro-backend/engine/storage/logger.js","s":{"1":1,"2":1,"3":1,"4":1,"5":1,"6":1},"b":{},"f":{},"fnMap":{},"statementMap":{"1":{"start":{"line":4,"column":0},"end":{"line":4,"column":35}},"2":{"start":{"line":6,"column":0},"end":{"line":6,"column":36}},"3":{"start":{"line":8,"column":0},"end":{"line":10,"column":3}},"4":{"start":{"line":12,"column":0},"end":{"line":12,"column":121}},"5":{"start":{"line":17,"column":0},"end":{"line":17,"column":32}},"6":{"start":{"line":19,"column":0},"end":{"line":19,"column":34}}},"branchMap":{}},"/home/cal/projects/pokerpro-backend/engine/utils/generator-runner.js":{"path":"/home/cal/projects/pokerpro-backend/engine/utils/generator-runner.js","s":{"1":1,"2":0,"3":0,"4":0,"5":0,"6":0,"7":0,"8":0,"9":0,"10":0},"b":{"1":[0,0]},"f":{"1":0,"2":0,"3":0,"4":0},"fnMap":{"1":{"name":"run","line":7,"loc":{"start":{"line":7,"column":14},"end":{"line":7,"column":32}}},"2":{"name":"handleNext","line":16,"loc":{"start":{"line":16,"column":10},"end":{"line":16,"column":36}}},"3":{"name":"handleResult","line":21,"loc":{"start":{"line":21,"column":14},"end":{"line":21,"column":41}}},"4":{"name":"handleErr","line":40,"loc":{"start":{"line":40,"column":30},"end":{"line":40,"column":54}}}},"statementMap":{"1":{"start":{"line":7,"column":0},"end":{"line":49,"column":1}},"2":{"start":{"line":9,"column":2},"end":{"line":9,"column":40}},"3":{"start":{"line":12,"column":2},"end":{"line":12,"column":33}},"4":{"start":{"line":15,"column":2},"end":{"line":48,"column":7}},"5":{"start":{"line":19,"column":6},"end":{"line":19,"column":32}},"6":{"start":{"line":21,"column":6},"end":{"line":46,"column":15}},"7":{"start":{"line":23,"column":8},"end":{"line":44,"column":9}},"8":{"start":{"line":25,"column":10},"end":{"line":25,"column":28}},"9":{"start":{"line":39,"column":10},"end":{"line":42,"column":15}},"10":{"start":{"line":41,"column":14},"end":{"line":41,"column":71}}},"branchMap":{"1":{"line":23,"type":"if","locations":[{"start":{"line":23,"column":8},"end":{"line":23,"column":8}},{"start":{"line":23,"column":8},"end":{"line":23,"column":8}}]}}},"/home/cal/projects/pokerpro-backend/engine/poker-engine/game-loop.js":{"path":"/home/cal/projects/pokerpro-backend/engine/poker-engine/game-loop.js","s":{"1":1,"2":1,"3":1,"4":1,"5":1,"6":1,"7":1,"8":1,"9":1,"10":1,"11":0,"12":0,"13":1,"14":0,"15":0,"16":0,"17":0,"18":0,"19":0,"20":0,"21":0,"22":0,"23":0,"24":0,"25":0,"26":0,"27":0,"28":0,"29":0,"30":0,"31":0,"32":0,"33":0,"34":0,"35":0,"36":0,"37":0,"38":0,"39":0,"40":0,"41":0,"42":0,"43":0,"44":0,"45":0,"46":0,"47":0,"48":0,"49":0,"50":0,"51":0,"52":0,"53":0,"54":1,"55":0,"56":0},"b":{"1":[0,0],"2":[0,0],"3":[0,0],"4":[0,0],"5":[0,0],"6":[0,0],"7":[0,0],"8":[0,0],"9":[0,0],"10":[0,0],"11":[0,0]},"f":{"1":0,"2":0,"3":0,"4":0,"5":0,"6":0,"7":0},"fnMap":{"1":{"name":"dealer","line":20,"loc":{"start":{"line":20,"column":27},"end":{"line":20,"column":47}}},"2":{"name":"sleep","line":22,"loc":{"start":{"line":22,"column":2},"end":{"line":22,"column":23}}},"3":{"name":"waitResume","line":26,"loc":{"start":{"line":26,"column":2},"end":{"line":26,"column":24}}},"4":{"name":"(anonymous_4)","line":27,"loc":{"start":{"line":27,"column":23},"end":{"line":27,"column":42}}},"5":{"name":"(anonymous_5)","line":28,"loc":{"start":{"line":28,"column":31},"end":{"line":28,"column":42}}},"6":{"name":"getRankingLogMessage","line":160,"loc":{"start":{"line":160,"column":0},"end":{"line":160,"column":38}}},"7":{"name":"(anonymous_7)","line":161,"loc":{"start":{"line":161,"column":24},"end":{"line":161,"column":46}}}},"statementMap":{"1":{"start":{"line":4,"column":0},"end":{"line":4,"column":36}},"2":{"start":{"line":6,"column":0},"end":{"line":6,"column":44}},"3":{"start":{"line":7,"column":0},"end":{"line":7,"column":48}},"4":{"start":{"line":9,"column":0},"end":{"line":9,"column":57}},"5":{"start":{"line":10,"column":0},"end":{"line":10,"column":55}},"6":{"start":{"line":13,"column":0},"end":{"line":13,"column":47}},"7":{"start":{"line":14,"column":0},"end":{"line":14,"column":53}},"8":{"start":{"line":16,"column":0},"end":{"line":16,"column":35}},"9":{"start":{"line":20,"column":0},"end":{"line":143,"column":2}},"10":{"start":{"line":22,"column":2},"end":{"line":24,"column":3}},"11":{"start":{"line":23,"column":4},"end":{"line":23,"column":53}},"12":{"start":{"line":23,"column":30},"end":{"line":23,"column":51}},"13":{"start":{"line":26,"column":2},"end":{"line":34,"column":3}},"14":{"start":{"line":27,"column":4},"end":{"line":33,"column":7}},"15":{"start":{"line":28,"column":6},"end":{"line":32,"column":15}},"16":{"start":{"line":29,"column":8},"end":{"line":31,"column":9}},"17":{"start":{"line":30,"column":10},"end":{"line":30,"column":35}},"18":{"start":{"line":36,"column":2},"end":{"line":141,"column":3}},"19":{"start":{"line":38,"column":4},"end":{"line":38,"column":43}},"20":{"start":{"line":39,"column":4},"end":{"line":39,"column":92}},"21":{"start":{"line":39,"column":54},"end":{"line":39,"column":90}},"22":{"start":{"line":46,"column":4},"end":{"line":84,"column":5}},"23":{"start":{"line":52,"column":6},"end":{"line":52,"column":70}},"24":{"start":{"line":53,"column":6},"end":{"line":53,"column":50}},"25":{"start":{"line":55,"column":6},"end":{"line":55,"column":105}},"26":{"start":{"line":55,"column":66},"end":{"line":55,"column":102}},"27":{"start":{"line":57,"column":6},"end":{"line":57,"column":134}},"28":{"start":{"line":59,"column":6},"end":{"line":59,"column":120}},"29":{"start":{"line":64,"column":6},"end":{"line":64,"column":106}},"30":{"start":{"line":64,"column":37},"end":{"line":64,"column":73}},"31":{"start":{"line":64,"column":74},"end":{"line":64,"column":102}},"32":{"start":{"line":65,"column":6},"end":{"line":65,"column":26}},"33":{"start":{"line":67,"column":6},"end":{"line":70,"column":7}},"34":{"start":{"line":68,"column":8},"end":{"line":68,"column":46}},"35":{"start":{"line":69,"column":8},"end":{"line":69,"column":17}},"36":{"start":{"line":75,"column":6},"end":{"line":79,"column":7}},"37":{"start":{"line":76,"column":8},"end":{"line":78,"column":9}},"38":{"start":{"line":77,"column":10},"end":{"line":77,"column":42}},"39":{"start":{"line":82,"column":6},"end":{"line":82,"column":31}},"40":{"start":{"line":83,"column":6},"end":{"line":83,"column":29}},"41":{"start":{"line":91,"column":4},"end":{"line":91,"column":101}},"42":{"start":{"line":93,"column":4},"end":{"line":93,"column":109}},"43":{"start":{"line":99,"column":4},"end":{"line":102,"column":5}},"44":{"start":{"line":100,"column":6},"end":{"line":100,"column":111}},"45":{"start":{"line":101,"column":6},"end":{"line":101,"column":25}},"46":{"start":{"line":105,"column":4},"end":{"line":133,"column":5}},"47":{"start":{"line":107,"column":6},"end":{"line":109,"column":7}},"48":{"start":{"line":108,"column":8},"end":{"line":108,"column":37}},"49":{"start":{"line":115,"column":6},"end":{"line":115,"column":24}},"50":{"start":{"line":117,"column":6},"end":{"line":117,"column":126}},"51":{"start":{"line":125,"column":6},"end":{"line":125,"column":22}},"52":{"start":{"line":131,"column":6},"end":{"line":131,"column":34}},"53":{"start":{"line":139,"column":4},"end":{"line":139,"column":27}},"54":{"start":{"line":160,"column":0},"end":{"line":164,"column":1}},"55":{"start":{"line":161,"column":2},"end":{"line":163,"column":28}},"56":{"start":{"line":162,"column":4},"end":{"line":162,"column":57}}},"branchMap":{"1":{"line":29,"type":"if","locations":[{"start":{"line":29,"column":8},"end":{"line":29,"column":8}},{"start":{"line":29,"column":8},"end":{"line":29,"column":8}}]},"2":{"line":46,"type":"if","locations":[{"start":{"line":46,"column":4},"end":{"line":46,"column":4}},{"start":{"line":46,"column":4},"end":{"line":46,"column":4}}]},"3":{"line":67,"type":"if","locations":[{"start":{"line":67,"column":6},"end":{"line":67,"column":6}},{"start":{"line":67,"column":6},"end":{"line":67,"column":6}}]},"4":{"line":67,"type":"binary-expr","locations":[{"start":{"line":67,"column":10},"end":{"line":67,"column":50}},{"start":{"line":67,"column":54},"end":{"line":67,"column":94}}]},"5":{"line":75,"type":"if","locations":[{"start":{"line":75,"column":6},"end":{"line":75,"column":6}},{"start":{"line":75,"column":6},"end":{"line":75,"column":6}}]},"6":{"line":76,"type":"if","locations":[{"start":{"line":76,"column":8},"end":{"line":76,"column":8}},{"start":{"line":76,"column":8},"end":{"line":76,"column":8}}]},"7":{"line":99,"type":"if","locations":[{"start":{"line":99,"column":4},"end":{"line":99,"column":4}},{"start":{"line":99,"column":4},"end":{"line":99,"column":4}}]},"8":{"line":105,"type":"if","locations":[{"start":{"line":105,"column":4},"end":{"line":105,"column":4}},{"start":{"line":105,"column":4},"end":{"line":105,"column":4}}]},"9":{"line":105,"type":"binary-expr","locations":[{"start":{"line":105,"column":8},"end":{"line":105,"column":46}},{"start":{"line":105,"column":50},"end":{"line":105,"column":90}}]},"10":{"line":107,"type":"if","locations":[{"start":{"line":107,"column":6},"end":{"line":107,"column":6}},{"start":{"line":107,"column":6},"end":{"line":107,"column":6}}]},"11":{"line":117,"type":"binary-expr","locations":[{"start":{"line":117,"column":89},"end":{"line":117,"column":96}},{"start":{"line":117,"column":100},"end":{"line":117,"column":101}}]}}},"/home/cal/projects/pokerpro-backend/engine/storage/storage.js":{"path":"/home/cal/projects/pokerpro-backend/engine/storage/storage.js","s":{"1":1,"2":1,"3":0,"4":0,"5":0,"6":0,"7":0,"8":0,"9":0,"10":0,"11":0,"12":0,"13":0,"14":0},"b":{"1":[0,0]},"f":{"1":0,"2":0,"3":0},"fnMap":{"1":{"name":"save","line":21,"loc":{"start":{"line":21,"column":15},"end":{"line":21,"column":38}}},"2":{"name":"(anonymous_2)","line":28,"loc":{"start":{"line":28,"column":42},"end":{"line":28,"column":57}}},"3":{"name":"(anonymous_3)","line":42,"loc":{"start":{"line":42,"column":21},"end":{"line":42,"column":39}}}},"statementMap":{"1":{"start":{"line":4,"column":0},"end":{"line":4,"column":35}},"2":{"start":{"line":21,"column":0},"end":{"line":46,"column":1}},"3":{"start":{"line":25,"column":2},"end":{"line":36,"column":3}},"4":{"start":{"line":26,"column":4},"end":{"line":26,"column":50}},"5":{"start":{"line":27,"column":4},"end":{"line":27,"column":44}},"6":{"start":{"line":28,"column":4},"end":{"line":35,"column":7}},"7":{"start":{"line":29,"column":6},"end":{"line":29,"column":42}},"8":{"start":{"line":30,"column":6},"end":{"line":30,"column":23}},"9":{"start":{"line":31,"column":6},"end":{"line":31,"column":27}},"10":{"start":{"line":32,"column":6},"end":{"line":32,"column":30}},"11":{"start":{"line":33,"column":6},"end":{"line":33,"column":34}},"12":{"start":{"line":34,"column":6},"end":{"line":34,"column":20}},"13":{"start":{"line":42,"column":2},"end":{"line":44,"column":5}},"14":{"start":{"line":43,"column":4},"end":{"line":43,"column":81}}},"branchMap":{"1":{"line":25,"type":"if","locations":[{"start":{"line":25,"column":2},"end":{"line":25,"column":2}},{"start":{"line":25,"column":2},"end":{"line":25,"column":2}}]}}},"/home/cal/projects/pokerpro-backend/engine/poker-engine/domain/tournament-status.js":{"path":"/home/cal/projects/pokerpro-backend/engine/poker-engine/domain/tournament-status.js","s":{"1":1,"2":1,"3":1,"4":1,"5":1,"6":1},"b":{},"f":{},"fnMap":{},"statementMap":{"1":{"start":{"line":4,"column":0},"end":{"line":4,"column":45}},"2":{"start":{"line":8,"column":0},"end":{"line":8,"column":31}},"3":{"start":{"line":12,"column":0},"end":{"line":12,"column":33}},"4":{"start":{"line":16,"column":0},"end":{"line":16,"column":35}},"5":{"start":{"line":19,"column":0},"end":{"line":19,"column":31}},"6":{"start":{"line":21,"column":0},"end":{"line":21,"column":59}}},"branchMap":{}},"/home/cal/projects/pokerpro-backend/engine/poker-engine/domain/player-status.js":{"path":"/home/cal/projects/pokerpro-backend/engine/poker-engine/domain/player-status.js","s":{"1":1,"2":1,"3":1,"4":1,"5":1},"b":{},"f":{},"fnMap":{},"statementMap":{"1":{"start":{"line":4,"column":0},"end":{"line":4,"column":35}},"2":{"start":{"line":7,"column":0},"end":{"line":7,"column":25}},"3":{"start":{"line":11,"column":0},"end":{"line":11,"column":25}},"4":{"start":{"line":15,"column":0},"end":{"line":15,"column":19}},"5":{"start":{"line":17,"column":0},"end":{"line":17,"column":49}}},"branchMap":{}},"/home/cal/projects/pokerpro-backend/engine/poker-engine/setup-tasks.js":{"path":"/home/cal/projects/pokerpro-backend/engine/poker-engine/setup-tasks.js","s":{"1":1,"2":1,"3":1,"4":1,"5":1,"6":1,"7":1,"8":1,"9":1,"10":1,"11":0,"12":0,"13":0,"14":0,"15":0,"16":0,"17":0,"18":0,"19":0,"20":0,"21":0,"22":0,"23":0,"24":0,"25":1,"26":0,"27":0,"28":0,"29":0,"30":0},"b":{"1":[0,0],"2":[0,0]},"f":{"1":0,"2":0,"3":0,"4":0},"fnMap":{"1":{"name":"setup","line":30,"loc":{"start":{"line":30,"column":27},"end":{"line":30,"column":45}}},"2":{"name":"getAssignedCardsLogMessage","line":98,"loc":{"start":{"line":98,"column":0},"end":{"line":98,"column":44}}},"3":{"name":"(anonymous_3)","line":99,"loc":{"start":{"line":99,"column":24},"end":{"line":99,"column":46}}},"4":{"name":"(anonymous_4)","line":101,"loc":{"start":{"line":101,"column":48},"end":{"line":101,"column":67}}}},"statementMap":{"1":{"start":{"line":4,"column":0},"end":{"line":4,"column":36}},"2":{"start":{"line":6,"column":0},"end":{"line":6,"column":44}},"3":{"start":{"line":8,"column":0},"end":{"line":8,"column":55}},"4":{"start":{"line":10,"column":0},"end":{"line":10,"column":65}},"5":{"start":{"line":11,"column":0},"end":{"line":11,"column":74}},"6":{"start":{"line":12,"column":0},"end":{"line":12,"column":72}},"7":{"start":{"line":13,"column":0},"end":{"line":13,"column":53}},"8":{"start":{"line":14,"column":0},"end":{"line":14,"column":55}},"9":{"start":{"line":15,"column":0},"end":{"line":15,"column":59}},"10":{"start":{"line":30,"column":0},"end":{"line":80,"column":1}},"11":{"start":{"line":32,"column":2},"end":{"line":32,"column":118}},"12":{"start":{"line":36,"column":2},"end":{"line":36,"column":21}},"13":{"start":{"line":38,"column":2},"end":{"line":38,"column":106}},"14":{"start":{"line":44,"column":2},"end":{"line":44,"column":25}},"15":{"start":{"line":46,"column":2},"end":{"line":46,"column":111}},"16":{"start":{"line":52,"column":2},"end":{"line":52,"column":24}},"17":{"start":{"line":54,"column":2},"end":{"line":54,"column":106}},"18":{"start":{"line":59,"column":2},"end":{"line":59,"column":15}},"19":{"start":{"line":61,"column":2},"end":{"line":63,"column":3}},"20":{"start":{"line":62,"column":4},"end":{"line":62,"column":106}},"21":{"start":{"line":69,"column":2},"end":{"line":69,"column":16}},"22":{"start":{"line":71,"column":2},"end":{"line":71,"column":134}},"23":{"start":{"line":76,"column":2},"end":{"line":76,"column":18}},"24":{"start":{"line":78,"column":2},"end":{"line":78,"column":88}},"25":{"start":{"line":98,"column":0},"end":{"line":104,"column":1}},"26":{"start":{"line":99,"column":2},"end":{"line":103,"column":16}},"27":{"start":{"line":100,"column":4},"end":{"line":101,"column":176}},"28":{"start":{"line":101,"column":69},"end":{"line":101,"column":105}},"29":{"start":{"line":101,"column":106},"end":{"line":101,"column":117}},"30":{"start":{"line":102,"column":4},"end":{"line":102,"column":15}}},"branchMap":{"1":{"line":61,"type":"if","locations":[{"start":{"line":61,"column":2},"end":{"line":61,"column":2}},{"start":{"line":61,"column":2},"end":{"line":61,"column":2}}]},"2":{"line":100,"type":"cond-expr","locations":[{"start":{"line":101,"column":6},"end":{"line":101,"column":147}},{"start":{"line":101,"column":150},"end":{"line":101,"column":175}}]}}},"/home/cal/projects/pokerpro-backend/engine/poker-engine/domain-utils/reset-gamestate.js":{"path":"/home/cal/projects/pokerpro-backend/engine/poker-engine/domain-utils/reset-gamestate.js","s":{"1":1,"2":1,"3":0,"4":0,"5":0,"6":0,"7":0,"8":0,"9":0,"10":0,"11":0,"12":0,"13":0,"14":0,"15":0,"16":0},"b":{"1":[0,0]},"f":{"1":0,"2":0,"3":0},"fnMap":{"1":{"name":"resetGamestate","line":18,"loc":{"start":{"line":18,"column":27},"end":{"line":18,"column":54}}},"2":{"name":"(anonymous_2)","line":29,"loc":{"start":{"line":29,"column":21},"end":{"line":29,"column":37}}},"3":{"name":"(anonymous_3)","line":31,"loc":{"start":{"line":31,"column":29},"end":{"line":31,"column":44}}}},"statementMap":{"1":{"start":{"line":4,"column":0},"end":{"line":4,"column":56}},"2":{"start":{"line":18,"column":0},"end":{"line":47,"column":2}},"3":{"start":{"line":20,"column":2},"end":{"line":20,"column":29}},"4":{"start":{"line":22,"column":2},"end":{"line":22,"column":19}},"5":{"start":{"line":23,"column":2},"end":{"line":23,"column":22}},"6":{"start":{"line":26,"column":2},"end":{"line":26,"column":41}},"7":{"start":{"line":27,"column":2},"end":{"line":27,"column":45}},"8":{"start":{"line":29,"column":2},"end":{"line":45,"column":5}},"9":{"start":{"line":31,"column":4},"end":{"line":31,"column":70}},"10":{"start":{"line":31,"column":46},"end":{"line":31,"column":66}},"11":{"start":{"line":35,"column":4},"end":{"line":37,"column":5}},"12":{"start":{"line":36,"column":6},"end":{"line":36,"column":42}},"13":{"start":{"line":39,"column":4},"end":{"line":39,"column":24}},"14":{"start":{"line":41,"column":4},"end":{"line":41,"column":22}},"15":{"start":{"line":42,"column":4},"end":{"line":42,"column":32}},"16":{"start":{"line":43,"column":4},"end":{"line":43,"column":38}}},"branchMap":{"1":{"line":35,"type":"if","locations":[{"start":{"line":35,"column":4},"end":{"line":35,"column":4}},{"start":{"line":35,"column":4},"end":{"line":35,"column":4}}]}}},"/home/cal/projects/pokerpro-backend/engine/poker-engine/domain-utils/assign-dealer-button.js":{"path":"/home/cal/projects/pokerpro-backend/engine/poker-engine/domain-utils/assign-dealer-button.js","s":{"1":1,"2":1,"3":1,"4":1,"5":0,"6":0,"7":0,"8":0,"9":0,"10":0,"11":0,"12":0,"13":0,"14":0,"15":0,"16":0},"b":{"1":[0,0],"2":[0,0],"3":[0,0]},"f":{"1":0},"fnMap":{"1":{"name":"assignDealerButton","line":23,"loc":{"start":{"line":23,"column":27},"end":{"line":23,"column":58}}}},"statementMap":{"1":{"start":{"line":4,"column":0},"end":{"line":4,"column":56}},"2":{"start":{"line":6,"column":0},"end":{"line":6,"column":62}},"3":{"start":{"line":8,"column":0},"end":{"line":8,"column":47}},"4":{"start":{"line":23,"column":0},"end":{"line":51,"column":2}},"5":{"start":{"line":25,"column":2},"end":{"line":25,"column":47}},"6":{"start":{"line":27,"column":2},"end":{"line":29,"column":3}},"7":{"start":{"line":28,"column":4},"end":{"line":28,"column":49}},"8":{"start":{"line":32,"column":2},"end":{"line":39,"column":3}},"9":{"start":{"line":34,"column":4},"end":{"line":34,"column":29}},"10":{"start":{"line":36,"column":4},"end":{"line":36,"column":97}},"11":{"start":{"line":38,"column":4},"end":{"line":38,"column":53}},"12":{"start":{"line":42,"column":2},"end":{"line":47,"column":71}},"13":{"start":{"line":43,"column":4},"end":{"line":43,"column":69}},"14":{"start":{"line":44,"column":4},"end":{"line":46,"column":5}},"15":{"start":{"line":45,"column":6},"end":{"line":45,"column":29}},"16":{"start":{"line":49,"column":2},"end":{"line":49,"column":47}}},"branchMap":{"1":{"line":27,"type":"if","locations":[{"start":{"line":27,"column":2},"end":{"line":27,"column":2}},{"start":{"line":27,"column":2},"end":{"line":27,"column":2}}]},"2":{"line":32,"type":"if","locations":[{"start":{"line":32,"column":2},"end":{"line":32,"column":2}},{"start":{"line":32,"column":2},"end":{"line":32,"column":2}}]},"3":{"line":44,"type":"if","locations":[{"start":{"line":44,"column":4},"end":{"line":44,"column":4}},{"start":{"line":44,"column":4},"end":{"line":44,"column":4}}]}}},"/home/cal/projects/pokerpro-backend/engine/poker-engine/lib/get-next-player-index.js":{"path":"/home/cal/projects/pokerpro-backend/engine/poker-engine/lib/get-next-player-index.js","s":{"1":1,"2":0,"3":0,"4":0,"5":0},"b":{"1":[0,0]},"f":{"1":0},"fnMap":{"1":{"name":"getNextPlayerIndex","line":18,"loc":{"start":{"line":18,"column":27},"end":{"line":18,"column":76}}}},"statementMap":{"1":{"start":{"line":18,"column":0},"end":{"line":28,"column":1}},"2":{"start":{"line":20,"column":2},"end":{"line":20,"column":31}},"3":{"start":{"line":22,"column":2},"end":{"line":24,"column":3}},"4":{"start":{"line":23,"column":4},"end":{"line":23,"column":33}},"5":{"start":{"line":26,"column":2},"end":{"line":26,"column":14}}},"branchMap":{"1":{"line":22,"type":"if","locations":[{"start":{"line":22,"column":2},"end":{"line":22,"column":2}},{"start":{"line":22,"column":2},"end":{"line":22,"column":2}}]}}},"/home/cal/projects/pokerpro-backend/engine/poker-engine/domain-utils/compute-small-blind.js":{"path":"/home/cal/projects/pokerpro-backend/engine/poker-engine/domain-utils/compute-small-blind.js","s":{"1":1,"2":1,"3":0,"4":0,"5":0,"6":0,"7":0},"b":{"1":[0,0]},"f":{"1":0},"fnMap":{"1":{"name":"setSBAmount","line":18,"loc":{"start":{"line":18,"column":27},"end":{"line":18,"column":51}}}},"statementMap":{"1":{"start":{"line":4,"column":0},"end":{"line":4,"column":39}},"2":{"start":{"line":18,"column":0},"end":{"line":40,"column":2}},"3":{"start":{"line":30,"column":2},"end":{"line":30,"column":37}},"4":{"start":{"line":31,"column":2},"end":{"line":31,"column":43}},"5":{"start":{"line":33,"column":2},"end":{"line":33,"column":63}},"6":{"start":{"line":35,"column":2},"end":{"line":35,"column":64}},"7":{"start":{"line":38,"column":2},"end":{"line":38,"column":34}}},"branchMap":{"1":{"line":31,"type":"binary-expr","locations":[{"start":{"line":31,"column":17},"end":{"line":31,"column":37}},{"start":{"line":31,"column":41},"end":{"line":31,"column":42}}]}}},"/home/cal/projects/pokerpro-backend/engine/poker-engine/domain-utils/pay-antes.js":{"path":"/home/cal/projects/pokerpro-backend/engine/poker-engine/domain-utils/pay-antes.js","s":{"1":1,"2":1,"3":1,"4":0,"5":0,"6":0,"7":0,"8":0,"9":0,"10":0,"11":0},"b":{"1":[0,0],"2":[0,0]},"f":{"1":0},"fnMap":{"1":{"name":"payAntes","line":20,"loc":{"start":{"line":20,"column":27},"end":{"line":20,"column":48}}}},"statementMap":{"1":{"start":{"line":4,"column":0},"end":{"line":4,"column":39}},"2":{"start":{"line":6,"column":0},"end":{"line":6,"column":56}},"3":{"start":{"line":20,"column":0},"end":{"line":39,"column":2}},"4":{"start":{"line":22,"column":2},"end":{"line":24,"column":3}},"5":{"start":{"line":23,"column":4},"end":{"line":23,"column":11}},"6":{"start":{"line":28,"column":2},"end":{"line":28,"column":37}},"7":{"start":{"line":32,"column":2},"end":{"line":34,"column":3}},"8":{"start":{"line":33,"column":4},"end":{"line":33,"column":11}},"9":{"start":{"line":36,"column":2},"end":{"line":36,"column":23}},"10":{"start":{"line":37,"column":2},"end":{"line":37,"column":65}},"11":{"start":{"line":37,"column":37},"end":{"line":37,"column":63}}},"branchMap":{"1":{"line":22,"type":"if","locations":[{"start":{"line":22,"column":2},"end":{"line":22,"column":2}},{"start":{"line":22,"column":2},"end":{"line":22,"column":2}}]},"2":{"line":32,"type":"if","locations":[{"start":{"line":32,"column":2},"end":{"line":32,"column":2}},{"start":{"line":32,"column":2},"end":{"line":32,"column":2}}]}}},"/home/cal/projects/pokerpro-backend/engine/poker-engine/domain-utils/pay-blinds.js":{"path":"/home/cal/projects/pokerpro-backend/engine/poker-engine/domain-utils/pay-blinds.js","s":{"1":1,"2":1,"3":1,"4":0,"5":0,"6":0,"7":0,"8":0,"9":0},"b":{},"f":{"1":0},"fnMap":{"1":{"name":"payBlinds","line":20,"loc":{"start":{"line":20,"column":27},"end":{"line":20,"column":49}}}},"statementMap":{"1":{"start":{"line":4,"column":0},"end":{"line":4,"column":80}},"2":{"start":{"line":6,"column":0},"end":{"line":6,"column":43}},"3":{"start":{"line":20,"column":0},"end":{"line":38,"column":2}},"4":{"start":{"line":22,"column":2},"end":{"line":22,"column":49}},"5":{"start":{"line":26,"column":2},"end":{"line":26,"column":82}},"6":{"start":{"line":28,"column":2},"end":{"line":28,"column":45}},"7":{"start":{"line":33,"column":2},"end":{"line":33,"column":78}},"8":{"start":{"line":35,"column":2},"end":{"line":35,"column":45}},"9":{"start":{"line":36,"column":2},"end":{"line":36,"column":43}}},"branchMap":{}},"/home/cal/projects/pokerpro-backend/engine/poker-engine/lib/get-next-active-player-index.js":{"path":"/home/cal/projects/pokerpro-backend/engine/poker-engine/lib/get-next-active-player-index.js","s":{"1":1,"2":1,"3":1,"4":0,"5":0,"6":0,"7":0,"8":0},"b":{},"f":{"1":0},"fnMap":{"1":{"name":"getNextActivePlayerIndex","line":21,"loc":{"start":{"line":21,"column":27},"end":{"line":21,"column":89}}}},"statementMap":{"1":{"start":{"line":4,"column":0},"end":{"line":4,"column":56}},"2":{"start":{"line":6,"column":0},"end":{"line":6,"column":62}},"3":{"start":{"line":21,"column":0},"end":{"line":32,"column":2}},"4":{"start":{"line":23,"column":2},"end":{"line":23,"column":16}},"5":{"start":{"line":25,"column":2},"end":{"line":28,"column":60}},"6":{"start":{"line":26,"column":4},"end":{"line":26,"column":64}},"7":{"start":{"line":27,"column":4},"end":{"line":27,"column":35}},"8":{"start":{"line":30,"column":2},"end":{"line":30,"column":19}}},"branchMap":{}},"/home/cal/projects/pokerpro-backend/engine/poker-engine/domain-utils/assign-cards.js":{"path":"/home/cal/projects/pokerpro-backend/engine/poker-engine/domain-utils/assign-cards.js","s":{"1":1,"2":1,"3":1,"4":1,"5":1,"6":1,"7":0,"8":0,"9":1,"10":0,"11":0,"12":0,"13":0},"b":{"1":[0,0]},"f":{"1":0,"2":0},"fnMap":{"1":{"name":"assignCards","line":26,"loc":{"start":{"line":26,"column":27},"end":{"line":26,"column":52}}},"2":{"name":"assignCard","line":32,"loc":{"start":{"line":32,"column":2},"end":{"line":32,"column":29}}}},"statementMap":{"1":{"start":{"line":4,"column":0},"end":{"line":4,"column":41}},"2":{"start":{"line":5,"column":0},"end":{"line":5,"column":54}},"3":{"start":{"line":8,"column":0},"end":{"line":8,"column":56}},"4":{"start":{"line":10,"column":0},"end":{"line":10,"column":45}},"5":{"start":{"line":12,"column":0},"end":{"line":12,"column":39}},"6":{"start":{"line":26,"column":0},"end":{"line":46,"column":2}},"7":{"start":{"line":28,"column":2},"end":{"line":28,"column":56}},"8":{"start":{"line":30,"column":2},"end":{"line":30,"column":49}},"9":{"start":{"line":32,"column":2},"end":{"line":36,"column":3}},"10":{"start":{"line":33,"column":4},"end":{"line":35,"column":5}},"11":{"start":{"line":34,"column":6},"end":{"line":34,"column":38}},"12":{"start":{"line":42,"column":2},"end":{"line":44,"column":3}},"13":{"start":{"line":43,"column":4},"end":{"line":43,"column":56}}},"branchMap":{"1":{"line":33,"type":"if","locations":[{"start":{"line":33,"column":4},"end":{"line":33,"column":4}},{"start":{"line":33,"column":4},"end":{"line":33,"column":4}}]}}},"/home/cal/projects/pokerpro-backend/engine/poker-engine/lib/loop-from.js":{"path":"/home/cal/projects/pokerpro-backend/engine/poker-engine/lib/loop-from.js","s":{"1":1,"2":1,"3":1,"4":0,"5":0,"6":0,"7":0,"8":0,"9":0,"10":0,"11":0},"b":{},"f":{"1":0},"fnMap":{"1":{"name":"loopFrom","line":25,"loc":{"start":{"line":25,"column":27},"end":{"line":25,"column":70}}}},"statementMap":{"1":{"start":{"line":4,"column":0},"end":{"line":4,"column":62}},"2":{"start":{"line":6,"column":0},"end":{"line":6,"column":29}},"3":{"start":{"line":25,"column":0},"end":{"line":41,"column":1}},"4":{"start":{"line":27,"column":2},"end":{"line":27,"column":13}},"5":{"start":{"line":28,"column":2},"end":{"line":28,"column":58}},"6":{"start":{"line":30,"column":2},"end":{"line":37,"column":3}},"7":{"start":{"line":32,"column":4},"end":{"line":32,"column":26}},"8":{"start":{"line":34,"column":4},"end":{"line":34,"column":25}},"9":{"start":{"line":35,"column":4},"end":{"line":35,"column":55}},"10":{"start":{"line":39,"column":2},"end":{"line":39,"column":51}},"11":{"start":{"line":39,"column":28},"end":{"line":39,"column":49}}},"branchMap":{}},"/home/cal/projects/pokerpro-backend/engine/poker-engine/teardown-tasks.js":{"path":"/home/cal/projects/pokerpro-backend/engine/poker-engine/teardown-tasks.js","s":{"1":1,"2":1,"3":1,"4":1,"5":1,"6":1,"7":1,"8":0,"9":0,"10":0,"11":0,"12":0,"13":0,"14":0,"15":0,"16":0,"17":0,"18":0,"19":0,"20":0,"21":0,"22":0,"23":0,"24":0,"25":1,"26":0,"27":0,"28":0,"29":0,"30":1,"31":0,"32":0},"b":{"1":[0,0]},"f":{"1":0,"2":0,"3":0,"4":0,"5":0},"fnMap":{"1":{"name":"teardown","line":15,"loc":{"start":{"line":15,"column":27},"end":{"line":15,"column":49}}},"2":{"name":"getRankingLogMessage","line":73,"loc":{"start":{"line":73,"column":0},"end":{"line":73,"column":36}}},"3":{"name":"(anonymous_3)","line":75,"loc":{"start":{"line":75,"column":22},"end":{"line":75,"column":42}}},"4":{"name":"getWinsLogMessage","line":96,"loc":{"start":{"line":96,"column":0},"end":{"line":96,"column":35}}},"5":{"name":"(anonymous_5)","line":97,"loc":{"start":{"line":97,"column":24},"end":{"line":97,"column":46}}}},"statementMap":{"1":{"start":{"line":4,"column":0},"end":{"line":4,"column":55}},"2":{"start":{"line":6,"column":0},"end":{"line":6,"column":44}},"3":{"start":{"line":7,"column":0},"end":{"line":7,"column":48}},"4":{"start":{"line":9,"column":0},"end":{"line":9,"column":52}},"5":{"start":{"line":10,"column":0},"end":{"line":10,"column":55}},"6":{"start":{"line":11,"column":0},"end":{"line":11,"column":76}},"7":{"start":{"line":15,"column":0},"end":{"line":56,"column":1}},"8":{"start":{"line":18,"column":2},"end":{"line":18,"column":121}},"9":{"start":{"line":21,"column":2},"end":{"line":21,"column":41}},"10":{"start":{"line":23,"column":2},"end":{"line":23,"column":171}},"11":{"start":{"line":23,"column":83},"end":{"line":23,"column":104}},"12":{"start":{"line":26,"column":2},"end":{"line":26,"column":15}},"13":{"start":{"line":28,"column":2},"end":{"line":28,"column":84}},"14":{"start":{"line":30,"column":2},"end":{"line":30,"column":83}},"15":{"start":{"line":34,"column":2},"end":{"line":34,"column":16}},"16":{"start":{"line":36,"column":2},"end":{"line":36,"column":79}},"17":{"start":{"line":38,"column":2},"end":{"line":38,"column":76}},"18":{"start":{"line":42,"column":2},"end":{"line":48,"column":3}},"19":{"start":{"line":43,"column":4},"end":{"line":43,"column":34}},"20":{"start":{"line":44,"column":4},"end":{"line":47,"column":5}},"21":{"start":{"line":45,"column":6},"end":{"line":45,"column":86}},"22":{"start":{"line":46,"column":6},"end":{"line":46,"column":109}},"23":{"start":{"line":50,"column":2},"end":{"line":50,"column":26}},"24":{"start":{"line":54,"column":2},"end":{"line":54,"column":35}},"25":{"start":{"line":73,"column":0},"end":{"line":79,"column":1}},"26":{"start":{"line":74,"column":2},"end":{"line":74,"column":15}},"27":{"start":{"line":75,"column":2},"end":{"line":78,"column":28}},"28":{"start":{"line":76,"column":4},"end":{"line":76,"column":11}},"29":{"start":{"line":77,"column":4},"end":{"line":77,"column":63}},"30":{"start":{"line":96,"column":0},"end":{"line":100,"column":1}},"31":{"start":{"line":97,"column":2},"end":{"line":99,"column":28}},"32":{"start":{"line":98,"column":4},"end":{"line":98,"column":79}}},"branchMap":{"1":{"line":44,"type":"if","locations":[{"start":{"line":44,"column":4},"end":{"line":44,"column":4}},{"start":{"line":44,"column":4},"end":{"line":44,"column":4}}]}}},"/home/cal/projects/pokerpro-backend/engine/poker-engine/domain-utils/showdown.js":{"path":"/home/cal/projects/pokerpro-backend/engine/poker-engine/domain-utils/showdown.js","s":{"1":1,"2":1,"3":0,"4":0,"5":0,"6":0,"7":0,"8":0,"9":0,"10":0,"11":0},"b":{"1":[0,0]},"f":{"1":0,"2":0},"fnMap":{"1":{"name":"showdown","line":21,"loc":{"start":{"line":21,"column":27},"end":{"line":21,"column":49}}},"2":{"name":"(anonymous_2)","line":35,"loc":{"start":{"line":35,"column":40},"end":{"line":35,"column":70}}}},"statementMap":{"1":{"start":{"line":4,"column":0},"end":{"line":4,"column":41}},"2":{"start":{"line":21,"column":0},"end":{"line":47,"column":1}},"3":{"start":{"line":23,"column":2},"end":{"line":23,"column":41}},"4":{"start":{"line":25,"column":2},"end":{"line":27,"column":3}},"5":{"start":{"line":26,"column":4},"end":{"line":26,"column":36}},"6":{"start":{"line":31,"column":2},"end":{"line":31,"column":94}},"7":{"start":{"line":31,"column":61},"end":{"line":31,"column":92}},"8":{"start":{"line":33,"column":2},"end":{"line":33,"column":64}},"9":{"start":{"line":35,"column":2},"end":{"line":45,"column":5}},"10":{"start":{"line":36,"column":4},"end":{"line":36,"column":60}},"11":{"start":{"line":37,"column":4},"end":{"line":44,"column":6}}},"branchMap":{"1":{"line":25,"type":"if","locations":[{"start":{"line":25,"column":2},"end":{"line":25,"column":2}},{"start":{"line":25,"column":2},"end":{"line":25,"column":2}}]}}},"/home/cal/projects/pokerpro-backend/engine/poker-engine/domain-utils/assign-pot.js":{"path":"/home/cal/projects/pokerpro-backend/engine/poker-engine/domain-utils/assign-pot.js","s":{"1":1,"2":1,"3":1,"4":0,"5":0,"6":0,"7":0,"8":0,"9":0,"10":0,"11":0,"12":0,"13":0,"14":0,"15":0,"16":0,"17":0,"18":0,"19":0,"20":0,"21":0,"22":0,"23":0,"24":0,"25":0,"26":0,"27":0,"28":0,"29":0,"30":0,"31":0,"32":0,"33":0,"34":0,"35":0,"36":0,"37":0,"38":0},"b":{"1":[0,0],"2":[0,0],"3":[0,0],"4":[0,0],"5":[0,0],"6":[0,0],"7":[0,0],"8":[0,0]},"f":{"1":0,"2":0,"3":0,"4":0},"fnMap":{"1":{"name":"assignPot","line":18,"loc":{"start":{"line":18,"column":27},"end":{"line":18,"column":50}}},"2":{"name":"assignChips","line":21,"loc":{"start":{"line":21,"column":2},"end":{"line":21,"column":49}}},"3":{"name":"(anonymous_3)","line":63,"loc":{"start":{"line":63,"column":22},"end":{"line":63,"column":39}}},"4":{"name":"(anonymous_4)","line":91,"loc":{"start":{"line":91,"column":49},"end":{"line":91,"column":66}}}},"statementMap":{"1":{"start":{"line":4,"column":0},"end":{"line":4,"column":45}},"2":{"start":{"line":18,"column":0},"end":{"line":101,"column":2}},"3":{"start":{"line":21,"column":2},"end":{"line":34,"column":3}},"4":{"start":{"line":22,"column":4},"end":{"line":22,"column":68}},"5":{"start":{"line":22,"column":45},"end":{"line":22,"column":66}},"6":{"start":{"line":24,"column":4},"end":{"line":24,"column":27}},"7":{"start":{"line":25,"column":4},"end":{"line":25,"column":21}},"8":{"start":{"line":27,"column":4},"end":{"line":27,"column":68}},"9":{"start":{"line":27,"column":45},"end":{"line":27,"column":66}},"10":{"start":{"line":29,"column":4},"end":{"line":31,"column":5}},"11":{"start":{"line":30,"column":6},"end":{"line":30,"column":44}},"12":{"start":{"line":33,"column":4},"end":{"line":33,"column":74}},"13":{"start":{"line":40,"column":2},"end":{"line":40,"column":18}},"14":{"start":{"line":44,"column":2},"end":{"line":44,"column":41}},"15":{"start":{"line":52,"column":2},"end":{"line":54,"column":3}},"16":{"start":{"line":53,"column":4},"end":{"line":53,"column":49}},"17":{"start":{"line":58,"column":2},"end":{"line":60,"column":3}},"18":{"start":{"line":59,"column":4},"end":{"line":59,"column":63}},"19":{"start":{"line":63,"column":2},"end":{"line":99,"column":5}},"20":{"start":{"line":66,"column":4},"end":{"line":66,"column":81}},"21":{"start":{"line":66,"column":55},"end":{"line":66,"column":79}},"22":{"start":{"line":68,"column":4},"end":{"line":68,"column":48}},"23":{"start":{"line":69,"column":4},"end":{"line":69,"column":64}},"24":{"start":{"line":71,"column":4},"end":{"line":73,"column":5}},"25":{"start":{"line":72,"column":6},"end":{"line":72,"column":65}},"26":{"start":{"line":75,"column":4},"end":{"line":75,"column":102}},"27":{"start":{"line":75,"column":59},"end":{"line":75,"column":100}},"28":{"start":{"line":76,"column":4},"end":{"line":76,"column":75}},"29":{"start":{"line":78,"column":4},"end":{"line":78,"column":104}},"30":{"start":{"line":78,"column":42},"end":{"line":78,"column":102}},"31":{"start":{"line":87,"column":4},"end":{"line":87,"column":67}},"32":{"start":{"line":89,"column":4},"end":{"line":97,"column":5}},"33":{"start":{"line":90,"column":6},"end":{"line":90,"column":27}},"34":{"start":{"line":91,"column":6},"end":{"line":96,"column":9}},"35":{"start":{"line":92,"column":8},"end":{"line":95,"column":9}},"36":{"start":{"line":92,"column":60},"end":{"line":92,"column":85}},"37":{"start":{"line":93,"column":10},"end":{"line":93,"column":48}},"38":{"start":{"line":94,"column":10},"end":{"line":94,"column":26}}},"branchMap":{"1":{"line":29,"type":"if","locations":[{"start":{"line":29,"column":4},"end":{"line":29,"column":4}},{"start":{"line":29,"column":4},"end":{"line":29,"column":4}}]},"2":{"line":52,"type":"if","locations":[{"start":{"line":52,"column":2},"end":{"line":52,"column":2}},{"start":{"line":52,"column":2},"end":{"line":52,"column":2}}]},"3":{"line":58,"type":"if","locations":[{"start":{"line":58,"column":2},"end":{"line":58,"column":2}},{"start":{"line":58,"column":2},"end":{"line":58,"column":2}}]},"4":{"line":71,"type":"if","locations":[{"start":{"line":71,"column":4},"end":{"line":71,"column":4}},{"start":{"line":71,"column":4},"end":{"line":71,"column":4}}]},"5":{"line":71,"type":"binary-expr","locations":[{"start":{"line":71,"column":8},"end":{"line":71,"column":37}},{"start":{"line":71,"column":41},"end":{"line":71,"column":51}}]},"6":{"line":89,"type":"if","locations":[{"start":{"line":89,"column":4},"end":{"line":89,"column":4}},{"start":{"line":89,"column":4},"end":{"line":89,"column":4}}]},"7":{"line":92,"type":"if","locations":[{"start":{"line":92,"column":8},"end":{"line":92,"column":8}},{"start":{"line":92,"column":8},"end":{"line":92,"column":8}}]},"8":{"line":92,"type":"binary-expr","locations":[{"start":{"line":92,"column":12},"end":{"line":92,"column":21}},{"start":{"line":92,"column":25},"end":{"line":92,"column":86}}]}}},"/home/cal/projects/pokerpro-backend/engine/poker-engine/domain-utils/update-players-status.js":{"path":"/home/cal/projects/pokerpro-backend/engine/poker-engine/domain-utils/update-players-status.js","s":{"1":1,"2":1,"3":0,"4":0,"5":0,"6":0,"7":0,"8":0,"9":0,"10":0,"11":0,"12":0,"13":0,"14":0,"15":0,"16":0,"17":0,"18":0},"b":{"1":[0,0],"2":[0,0],"3":[0,0],"4":[0,0]},"f":{"1":0,"2":0},"fnMap":{"1":{"name":"updatePlayerStatus","line":21,"loc":{"start":{"line":21,"column":27},"end":{"line":21,"column":59}}},"2":{"name":"(anonymous_2)","line":43,"loc":{"start":{"line":43,"column":13},"end":{"line":43,"column":30}}}},"statementMap":{"1":{"start":{"line":4,"column":0},"end":{"line":4,"column":56}},"2":{"start":{"line":21,"column":0},"end":{"line":51,"column":2}},"3":{"start":{"line":23,"column":2},"end":{"line":25,"column":3}},"4":{"start":{"line":24,"column":4},"end":{"line":24,"column":22}},"5":{"start":{"line":27,"column":2},"end":{"line":27,"column":41}},"6":{"start":{"line":28,"column":2},"end":{"line":28,"column":71}},"7":{"start":{"line":28,"column":52},"end":{"line":28,"column":69}},"8":{"start":{"line":30,"column":2},"end":{"line":32,"column":3}},"9":{"start":{"line":31,"column":4},"end":{"line":31,"column":11}},"10":{"start":{"line":35,"column":2},"end":{"line":38,"column":3}},"11":{"start":{"line":36,"column":4},"end":{"line":36,"column":44}},"12":{"start":{"line":37,"column":4},"end":{"line":37,"column":57}},"13":{"start":{"line":42,"column":2},"end":{"line":49,"column":7}},"14":{"start":{"line":44,"column":6},"end":{"line":44,"column":64}},"15":{"start":{"line":44,"column":45},"end":{"line":44,"column":62}},"16":{"start":{"line":45,"column":6},"end":{"line":48,"column":7}},"17":{"start":{"line":46,"column":8},"end":{"line":46,"column":44}},"18":{"start":{"line":47,"column":8},"end":{"line":47,"column":45}}},"branchMap":{"1":{"line":23,"type":"if","locations":[{"start":{"line":23,"column":2},"end":{"line":23,"column":2}},{"start":{"line":23,"column":2},"end":{"line":23,"column":2}}]},"2":{"line":30,"type":"if","locations":[{"start":{"line":30,"column":2},"end":{"line":30,"column":2}},{"start":{"line":30,"column":2},"end":{"line":30,"column":2}}]},"3":{"line":35,"type":"if","locations":[{"start":{"line":35,"column":2},"end":{"line":35,"column":2}},{"start":{"line":35,"column":2},"end":{"line":35,"column":2}}]},"4":{"line":45,"type":"if","locations":[{"start":{"line":45,"column":6},"end":{"line":45,"column":6}},{"start":{"line":45,"column":6},"end":{"line":45,"column":6}}]}}},"/home/cal/projects/pokerpro-backend/engine/poker-engine/bet-loop.js":{"path":"/home/cal/projects/pokerpro-backend/engine/poker-engine/bet-loop.js","s":{"1":1,"2":1,"3":1,"4":1,"5":1,"6":1,"7":1,"8":1,"9":1,"10":1,"11":0,"12":0,"13":0,"14":0,"15":0,"16":0,"17":0,"18":0,"19":0,"20":0,"21":0,"22":0,"23":0,"24":0,"25":0,"26":0,"27":0,"28":0,"29":0,"30":0,"31":0,"32":0,"33":0,"34":0,"35":0,"36":0,"37":0,"38":0,"39":0,"40":0,"41":0,"42":0,"43":0,"44":0,"45":0,"46":0,"47":0,"48":1,"49":0,"50":0,"51":0,"52":0,"53":0,"54":1,"55":0,"56":0,"57":0,"58":0,"59":0,"60":1,"61":0,"62":0,"63":0,"64":1,"65":0,"66":0},"b":{"1":[0,0],"2":[0,0],"3":[0,0],"4":[0,0],"5":[0,0],"6":[0,0,0,0],"7":[0,0],"8":[0,0],"9":[0,0]},"f":{"1":0,"2":0,"3":0,"4":0,"5":0,"6":0,"7":0,"8":0},"fnMap":{"1":{"name":"betLoop","line":35,"loc":{"start":{"line":35,"column":27},"end":{"line":35,"column":49}}},"2":{"name":"(anonymous_2)","line":85,"loc":{"start":{"line":85,"column":20},"end":{"line":85,"column":33}}},"3":{"name":"getGameSession","line":173,"loc":{"start":{"line":173,"column":0},"end":{"line":173,"column":37}}},"4":{"name":"isBetRoundFinished","line":207,"loc":{"start":{"line":207,"column":0},"end":{"line":207,"column":55}}},"5":{"name":"getPlayerStatusLogMessage","line":235,"loc":{"start":{"line":235,"column":0},"end":{"line":235,"column":44}}},"6":{"name":"(anonymous_6)","line":236,"loc":{"start":{"line":236,"column":24},"end":{"line":236,"column":47}}},"7":{"name":"getCommonCardsLogMessage","line":258,"loc":{"start":{"line":258,"column":0},"end":{"line":258,"column":41}}},"8":{"name":"(anonymous_8)","line":259,"loc":{"start":{"line":259,"column":22},"end":{"line":259,"column":43}}}},"statementMap":{"1":{"start":{"line":4,"column":0},"end":{"line":4,"column":36}},"2":{"start":{"line":6,"column":0},"end":{"line":6,"column":44}},"3":{"start":{"line":7,"column":0},"end":{"line":7,"column":48}},"4":{"start":{"line":10,"column":0},"end":{"line":10,"column":53}},"5":{"start":{"line":11,"column":0},"end":{"line":11,"column":55}},"6":{"start":{"line":13,"column":0},"end":{"line":13,"column":55}},"7":{"start":{"line":14,"column":0},"end":{"line":14,"column":59}},"8":{"start":{"line":16,"column":0},"end":{"line":16,"column":59}},"9":{"start":{"line":19,"column":0},"end":{"line":19,"column":51}},"10":{"start":{"line":35,"column":0},"end":{"line":155,"column":2}},"11":{"start":{"line":37,"column":2},"end":{"line":37,"column":124}},"12":{"start":{"line":39,"column":2},"end":{"line":39,"column":41}},"13":{"start":{"line":40,"column":2},"end":{"line":40,"column":45}},"14":{"start":{"line":41,"column":2},"end":{"line":41,"column":49}},"15":{"start":{"line":42,"column":2},"end":{"line":42,"column":46}},"16":{"start":{"line":49,"column":2},"end":{"line":153,"column":3}},"17":{"start":{"line":54,"column":4},"end":{"line":54,"column":55}},"18":{"start":{"line":58,"column":4},"end":{"line":58,"column":124}},"19":{"start":{"line":59,"column":4},"end":{"line":59,"column":89}},"20":{"start":{"line":65,"column":4},"end":{"line":65,"column":21}},"21":{"start":{"line":67,"column":4},"end":{"line":67,"column":74}},"22":{"start":{"line":68,"column":4},"end":{"line":68,"column":77}},"23":{"start":{"line":68,"column":54},"end":{"line":68,"column":75}},"24":{"start":{"line":70,"column":4},"end":{"line":94,"column":67}},"25":{"start":{"line":72,"column":6},"end":{"line":90,"column":8}},"26":{"start":{"line":74,"column":18},"end":{"line":89,"column":9}},"27":{"start":{"line":79,"column":12},"end":{"line":79,"column":41}},"28":{"start":{"line":82,"column":12},"end":{"line":82,"column":43}},"29":{"start":{"line":84,"column":12},"end":{"line":87,"column":16}},"30":{"start":{"line":86,"column":16},"end":{"line":86,"column":36}},"31":{"start":{"line":92,"column":6},"end":{"line":92,"column":21}},"32":{"start":{"line":99,"column":4},"end":{"line":99,"column":27}},"33":{"start":{"line":103,"column":4},"end":{"line":103,"column":62}},"34":{"start":{"line":103,"column":33},"end":{"line":103,"column":60}},"35":{"start":{"line":112,"column":4},"end":{"line":112,"column":43}},"36":{"start":{"line":114,"column":4},"end":{"line":150,"column":5}},"37":{"start":{"line":119,"column":6},"end":{"line":119,"column":38}},"38":{"start":{"line":121,"column":6},"end":{"line":122,"column":103}},"39":{"start":{"line":125,"column":9},"end":{"line":150,"column":5}},"40":{"start":{"line":127,"column":6},"end":{"line":127,"column":87}},"41":{"start":{"line":127,"column":11},"end":{"line":127,"column":50}},"42":{"start":{"line":131,"column":6},"end":{"line":131,"column":57}},"43":{"start":{"line":134,"column":6},"end":{"line":135,"column":132}},"44":{"start":{"line":137,"column":6},"end":{"line":140,"column":9}},"45":{"start":{"line":145,"column":6},"end":{"line":145,"column":144}},"46":{"start":{"line":146,"column":6},"end":{"line":146,"column":91}},"47":{"start":{"line":148,"column":6},"end":{"line":149,"column":78}},"48":{"start":{"line":173,"column":0},"end":{"line":184,"column":1}},"49":{"start":{"line":174,"column":2},"end":{"line":183,"column":3}},"50":{"start":{"line":176,"column":6},"end":{"line":176,"column":29}},"51":{"start":{"line":178,"column":6},"end":{"line":178,"column":30}},"52":{"start":{"line":180,"column":6},"end":{"line":180,"column":30}},"53":{"start":{"line":182,"column":6},"end":{"line":182,"column":31}},"54":{"start":{"line":207,"column":0},"end":{"line":218,"column":1}},"55":{"start":{"line":209,"column":2},"end":{"line":211,"column":3}},"56":{"start":{"line":210,"column":4},"end":{"line":210,"column":16}},"57":{"start":{"line":213,"column":2},"end":{"line":213,"column":41}},"58":{"start":{"line":217,"column":2},"end":{"line":217,"column":95}},"59":{"start":{"line":217,"column":38},"end":{"line":217,"column":85}},"60":{"start":{"line":235,"column":0},"end":{"line":241,"column":1}},"61":{"start":{"line":236,"column":2},"end":{"line":240,"column":29}},"62":{"start":{"line":237,"column":4},"end":{"line":238,"column":99}},"63":{"start":{"line":239,"column":4},"end":{"line":239,"column":15}},"64":{"start":{"line":258,"column":0},"end":{"line":262,"column":1}},"65":{"start":{"line":259,"column":2},"end":{"line":261,"column":29}},"66":{"start":{"line":260,"column":4},"end":{"line":260,"column":52}}},"branchMap":{"1":{"line":49,"type":"binary-expr","locations":[{"start":{"line":49,"column":9},"end":{"line":49,"column":35}},{"start":{"line":49,"column":39},"end":{"line":49,"column":66}}]},"2":{"line":67,"type":"cond-expr","locations":[{"start":{"line":67,"column":58},"end":{"line":67,"column":64}},{"start":{"line":67,"column":67},"end":{"line":67,"column":73}}]},"3":{"line":114,"type":"if","locations":[{"start":{"line":114,"column":4},"end":{"line":114,"column":4}},{"start":{"line":114,"column":4},"end":{"line":114,"column":4}}]},"4":{"line":125,"type":"if","locations":[{"start":{"line":125,"column":9},"end":{"line":125,"column":9}},{"start":{"line":125,"column":9},"end":{"line":125,"column":9}}]},"5":{"line":139,"type":"cond-expr","locations":[{"start":{"line":139,"column":54},"end":{"line":139,"column":68}},{"start":{"line":139,"column":71},"end":{"line":139,"column":95}}]},"6":{"line":174,"type":"switch","locations":[{"start":{"line":175,"column":4},"end":{"line":176,"column":29}},{"start":{"line":177,"column":4},"end":{"line":178,"column":30}},{"start":{"line":179,"column":4},"end":{"line":180,"column":30}},{"start":{"line":181,"column":4},"end":{"line":182,"column":31}}]},"7":{"line":209,"type":"if","locations":[{"start":{"line":209,"column":2},"end":{"line":209,"column":2}},{"start":{"line":209,"column":2},"end":{"line":209,"column":2}}]},"8":{"line":217,"type":"binary-expr","locations":[{"start":{"line":217,"column":38},"end":{"line":217,"column":53}},{"start":{"line":217,"column":57},"end":{"line":217,"column":85}}]},"9":{"line":237,"type":"cond-expr","locations":[{"start":{"line":238,"column":6},"end":{"line":238,"column":31}},{"start":{"line":238,"column":34},"end":{"line":238,"column":98}}]}}},"/home/cal/projects/pokerpro-backend/engine/poker-engine/domain/game-session.js":{"path":"/home/cal/projects/pokerpro-backend/engine/poker-engine/domain/game-session.js","s":{"1":1,"2":1,"3":1,"4":1,"5":1,"6":1},"b":{},"f":{},"fnMap":{},"statementMap":{"1":{"start":{"line":4,"column":0},"end":{"line":4,"column":36}},"2":{"start":{"line":6,"column":0},"end":{"line":6,"column":25}},"3":{"start":{"line":8,"column":0},"end":{"line":8,"column":22}},"4":{"start":{"line":10,"column":0},"end":{"line":10,"column":22}},"5":{"start":{"line":12,"column":0},"end":{"line":12,"column":24}},"6":{"start":{"line":14,"column":0},"end":{"line":14,"column":50}}},"branchMap":{}},"/home/cal/projects/pokerpro-backend/engine/poker-engine/domain-utils/should-bet.js":{"path":"/home/cal/projects/pokerpro-backend/engine/poker-engine/domain-utils/should-bet.js","s":{"1":1,"2":1,"3":1,"4":1,"5":0,"6":0,"7":0,"8":0,"9":0,"10":0,"11":0},"b":{"1":[0,0],"2":[0,0],"3":[0,0],"4":[0,0,0],"5":[0,0]},"f":{"1":0},"fnMap":{"1":{"name":"shouldBet","line":29,"loc":{"start":{"line":29,"column":27},"end":{"line":29,"column":65}}}},"statementMap":{"1":{"start":{"line":4,"column":0},"end":{"line":4,"column":56}},"2":{"start":{"line":6,"column":0},"end":{"line":6,"column":39}},"3":{"start":{"line":7,"column":0},"end":{"line":7,"column":44}},"4":{"start":{"line":29,"column":0},"end":{"line":57,"column":1}},"5":{"start":{"line":37,"column":2},"end":{"line":53,"column":3}},"6":{"start":{"line":39,"column":4},"end":{"line":39,"column":67}},"7":{"start":{"line":39,"column":48},"end":{"line":39,"column":65}},"8":{"start":{"line":50,"column":4},"end":{"line":52,"column":5}},"9":{"start":{"line":50,"column":90},"end":{"line":50,"column":135}},"10":{"start":{"line":51,"column":6},"end":{"line":51,"column":28}},"11":{"start":{"line":55,"column":2},"end":{"line":55,"column":27}}},"branchMap":{"1":{"line":37,"type":"if","locations":[{"start":{"line":37,"column":2},"end":{"line":37,"column":2}},{"start":{"line":37,"column":2},"end":{"line":37,"column":2}}]},"2":{"line":37,"type":"binary-expr","locations":[{"start":{"line":37,"column":6},"end":{"line":37,"column":42}},{"start":{"line":37,"column":46},"end":{"line":37,"column":61}}]},"3":{"line":50,"type":"if","locations":[{"start":{"line":50,"column":4},"end":{"line":50,"column":4}},{"start":{"line":50,"column":4},"end":{"line":50,"column":4}}]},"4":{"line":50,"type":"binary-expr","locations":[{"start":{"line":50,"column":8},"end":{"line":50,"column":39}},{"start":{"line":50,"column":44},"end":{"line":50,"column":63}},{"start":{"line":50,"column":67},"end":{"line":50,"column":136}}]},"5":{"line":50,"type":"binary-expr","locations":[{"start":{"line":50,"column":90},"end":{"line":50,"column":121}},{"start":{"line":50,"column":125},"end":{"line":50,"column":135}}]}}},"/home/cal/projects/pokerpro-backend/engine/poker-engine/domain-utils/should-break.js":{"path":"/home/cal/projects/pokerpro-backend/engine/poker-engine/domain-utils/should-break.js","s":{"1":1,"2":1,"3":1,"4":0,"5":0,"6":0,"7":0},"b":{"1":[0,0],"2":[0,0]},"f":{"1":0},"fnMap":{"1":{"name":"shouldBreak","line":27,"loc":{"start":{"line":27,"column":27},"end":{"line":27,"column":70}}}},"statementMap":{"1":{"start":{"line":4,"column":0},"end":{"line":4,"column":56}},"2":{"start":{"line":6,"column":0},"end":{"line":6,"column":39}},"3":{"start":{"line":27,"column":0},"end":{"line":40,"column":1}},"4":{"start":{"line":29,"column":2},"end":{"line":31,"column":3}},"5":{"start":{"line":30,"column":4},"end":{"line":30,"column":17}},"6":{"start":{"line":37,"column":2},"end":{"line":38,"column":65}},"7":{"start":{"line":38,"column":15},"end":{"line":38,"column":55}}},"branchMap":{"1":{"line":29,"type":"if","locations":[{"start":{"line":29,"column":2},"end":{"line":29,"column":2}},{"start":{"line":29,"column":2},"end":{"line":29,"column":2}}]},"2":{"line":38,"type":"binary-expr","locations":[{"start":{"line":38,"column":15},"end":{"line":38,"column":25}},{"start":{"line":38,"column":29},"end":{"line":38,"column":55}}]}}},"/home/cal/projects/pokerpro-backend/engine/poker-engine/domain-utils/request-queue.js":{"path":"/home/cal/projects/pokerpro-backend/engine/poker-engine/domain-utils/request-queue.js","s":{"1":1,"2":0,"3":0,"4":0,"5":0},"b":{"1":[0,0]},"f":{"1":0,"2":0},"fnMap":{"1":{"name":"(anonymous_1)","line":5,"loc":{"start":{"line":5,"column":17},"end":{"line":5,"column":30}}},"2":{"name":"(anonymous_2)","line":7,"loc":{"start":{"line":7,"column":25},"end":{"line":7,"column":37}}}},"statementMap":{"1":{"start":{"line":3,"column":0},"end":{"line":14,"column":2}},"2":{"start":{"line":7,"column":6},"end":{"line":12,"column":15}},"3":{"start":{"line":8,"column":10},"end":{"line":11,"column":11}},"4":{"start":{"line":9,"column":12},"end":{"line":9,"column":68}},"5":{"start":{"line":10,"column":12},"end":{"line":10,"column":40}}},"branchMap":{"1":{"line":8,"type":"if","locations":[{"start":{"line":8,"column":10},"end":{"line":8,"column":10}},{"start":{"line":8,"column":10},"end":{"line":8,"column":10}}]}}},"/home/cal/projects/pokerpro-backend/engine/poker-engine/lib/loop-from-async.js":{"path":"/home/cal/projects/pokerpro-backend/engine/poker-engine/lib/loop-from-async.js","s":{"1":1,"2":1,"3":1,"4":0,"5":0,"6":0,"7":0,"8":0,"9":0,"10":0,"11":0,"12":0,"13":0,"14":0,"15":0,"16":0,"17":0},"b":{"1":[0,0],"2":[0,0]},"f":{"1":0},"fnMap":{"1":{"name":"asyncFrom","line":29,"loc":{"start":{"line":29,"column":27},"end":{"line":29,"column":90}}}},"statementMap":{"1":{"start":{"line":4,"column":0},"end":{"line":4,"column":62}},"2":{"start":{"line":6,"column":0},"end":{"line":6,"column":29}},"3":{"start":{"line":29,"column":0},"end":{"line":55,"column":1}},"4":{"start":{"line":31,"column":2},"end":{"line":34,"column":3}},"5":{"start":{"line":32,"column":4},"end":{"line":32,"column":27}},"6":{"start":{"line":33,"column":4},"end":{"line":33,"column":30}},"7":{"start":{"line":33,"column":24},"end":{"line":33,"column":29}},"8":{"start":{"line":37,"column":2},"end":{"line":37,"column":13}},"9":{"start":{"line":38,"column":2},"end":{"line":38,"column":58}},"10":{"start":{"line":40,"column":2},"end":{"line":51,"column":3}},"11":{"start":{"line":42,"column":4},"end":{"line":44,"column":5}},"12":{"start":{"line":43,"column":6},"end":{"line":43,"column":12}},"13":{"start":{"line":46,"column":4},"end":{"line":46,"column":38}},"14":{"start":{"line":48,"column":4},"end":{"line":48,"column":25}},"15":{"start":{"line":49,"column":4},"end":{"line":49,"column":55}},"16":{"start":{"line":53,"column":2},"end":{"line":53,"column":51}},"17":{"start":{"line":53,"column":28},"end":{"line":53,"column":49}}},"branchMap":{"1":{"line":31,"type":"if","locations":[{"start":{"line":31,"column":2},"end":{"line":31,"column":2}},{"start":{"line":31,"column":2},"end":{"line":31,"column":2}}]},"2":{"line":42,"type":"if","locations":[{"start":{"line":42,"column":4},"end":{"line":42,"column":4}},{"start":{"line":42,"column":4},"end":{"line":42,"column":4}}]}}},"/home/cal/projects/pokerpro-backend/engine/poker-engine/domain-utils/player-factory.js":{"path":"/home/cal/projects/pokerpro-backend/engine/poker-engine/domain-utils/player-factory.js","s":{"1":1,"2":1,"3":1,"4":1,"5":1,"6":1,"7":1,"8":1,"9":1,"10":1,"11":0,"12":0,"13":0,"14":0,"15":0,"16":0,"17":0,"18":0,"19":0,"20":0,"21":0,"22":0,"23":0,"24":0,"25":0,"26":0,"27":0,"28":0,"29":0,"30":0,"31":0,"32":0,"33":0,"34":0,"35":0,"36":0,"37":0,"38":0,"39":0,"40":0,"41":0,"42":0,"43":0,"44":0,"45":0,"46":0,"47":0,"48":0,"49":0,"50":0,"51":0,"52":0,"53":0,"54":0,"55":0,"56":0,"57":0,"58":0,"59":0,"60":0,"61":0,"62":0,"63":0,"64":0,"65":0,"66":0,"67":0,"68":0,"69":0,"70":0,"71":0,"72":0,"73":0,"74":0,"75":0,"76":0,"77":0,"78":0,"79":0,"80":0,"81":0,"82":0,"83":0,"84":0,"85":0,"86":0,"87":0,"88":0,"89":0,"90":0,"91":0,"92":0,"93":0,"94":0,"95":0,"96":0,"97":0,"98":0,"99":0,"100":0,"101":0,"102":0,"103":0,"104":0,"105":1,"106":0,"107":1,"108":0,"109":0,"110":0,"111":1,"112":0,"113":0,"114":0,"115":1,"116":0,"117":0,"118":0,"119":0,"120":0,"121":0,"122":0,"123":0,"124":0,"125":0,"126":0,"127":0},"b":{"1":[0,0],"2":[0,0,0],"3":[0,0],"4":[0,0],"5":[0,0],"6":[0,0],"7":[0,0],"8":[0,0],"9":[0,0],"10":[0,0],"11":[0,0],"12":[0,0],"13":[0,0,0],"14":[0,0],"15":[0,0],"16":[0,0],"17":[0,0],"18":[0,0],"19":[0,0]},"f":{"1":0,"2":0,"3":0,"4":0,"5":0,"6":0,"7":0,"8":0,"9":0,"10":0,"11":0,"12":0,"13":0,"14":0,"15":0,"16":0},"fnMap":{"1":{"name":"(anonymous_1)","line":40,"loc":{"start":{"line":40,"column":11},"end":{"line":40,"column":27}}},"2":{"name":"(anonymous_2)","line":78,"loc":{"start":{"line":78,"column":8},"end":{"line":78,"column":24}}},"3":{"name":"(anonymous_3)","line":161,"loc":{"start":{"line":161,"column":6},"end":{"line":161,"column":11}}},"4":{"name":"(anonymous_4)","line":183,"loc":{"start":{"line":183,"column":5},"end":{"line":183,"column":18}}},"5":{"name":"(anonymous_5)","line":201,"loc":{"start":{"line":201,"column":6},"end":{"line":201,"column":15}}},"6":{"name":"(anonymous_6)","line":247,"loc":{"start":{"line":247,"column":35},"end":{"line":247,"column":53}}},"7":{"name":"(anonymous_7)","line":267,"loc":{"start":{"line":267,"column":33},"end":{"line":267,"column":45}}},"8":{"name":"(anonymous_8)","line":279,"loc":{"start":{"line":279,"column":29},"end":{"line":279,"column":41}}},"9":{"name":"(anonymous_9)","line":304,"loc":{"start":{"line":304,"column":7},"end":{"line":304,"column":12}}},"10":{"name":"(anonymous_10)","line":350,"loc":{"start":{"line":350,"column":35},"end":{"line":350,"column":53}}},"11":{"name":"(anonymous_11)","line":382,"loc":{"start":{"line":382,"column":10},"end":{"line":382,"column":24}}},"12":{"name":"isValidPlayer","line":405,"loc":{"start":{"line":405,"column":0},"end":{"line":405,"column":31}}},"13":{"name":"sanitizeAmount","line":419,"loc":{"start":{"line":419,"column":0},"end":{"line":419,"column":32}}},"14":{"name":"getBestCombinationCardsLogMessage","line":438,"loc":{"start":{"line":438,"column":0},"end":{"line":438,"column":50}}},"15":{"name":"(anonymous_15)","line":440,"loc":{"start":{"line":440,"column":12},"end":{"line":440,"column":33}}},"16":{"name":"factory","line":461,"loc":{"start":{"line":461,"column":27},"end":{"line":461,"column":49}}}},"statementMap":{"1":{"start":{"line":4,"column":0},"end":{"line":4,"column":39}},"2":{"start":{"line":6,"column":0},"end":{"line":6,"column":47}},"3":{"start":{"line":7,"column":0},"end":{"line":7,"column":51}},"4":{"start":{"line":9,"column":0},"end":{"line":9,"column":35}},"5":{"start":{"line":10,"column":0},"end":{"line":10,"column":41}},"6":{"start":{"line":11,"column":0},"end":{"line":11,"column":54}},"7":{"start":{"line":14,"column":0},"end":{"line":14,"column":56}},"8":{"start":{"line":16,"column":0},"end":{"line":16,"column":40}},"9":{"start":{"line":22,"column":0},"end":{"line":22,"column":49}},"10":{"start":{"line":24,"column":0},"end":{"line":392,"column":2}},"11":{"start":{"line":42,"column":4},"end":{"line":42,"column":45}},"12":{"start":{"line":44,"column":4},"end":{"line":44,"column":45}},"13":{"start":{"line":49,"column":4},"end":{"line":49,"column":31}},"14":{"start":{"line":50,"column":4},"end":{"line":50,"column":28}},"15":{"start":{"line":52,"column":4},"end":{"line":52,"column":24}},"16":{"start":{"line":54,"column":4},"end":{"line":56,"column":5}},"17":{"start":{"line":54,"column":73},"end":{"line":54,"column":84}},"18":{"start":{"line":55,"column":6},"end":{"line":55,"column":19}},"19":{"start":{"line":58,"column":4},"end":{"line":58,"column":59}},"20":{"start":{"line":82,"column":4},"end":{"line":82,"column":48}},"21":{"start":{"line":85,"column":4},"end":{"line":85,"column":72}},"22":{"start":{"line":88,"column":4},"end":{"line":92,"column":5}},"23":{"start":{"line":91,"column":6},"end":{"line":91,"column":27}},"24":{"start":{"line":94,"column":4},"end":{"line":94,"column":48}},"25":{"start":{"line":96,"column":4},"end":{"line":137,"column":5}},"26":{"start":{"line":106,"column":6},"end":{"line":136,"column":7}},"27":{"start":{"line":107,"column":8},"end":{"line":107,"column":37}},"28":{"start":{"line":114,"column":8},"end":{"line":114,"column":78}},"29":{"start":{"line":116,"column":8},"end":{"line":135,"column":9}},"30":{"start":{"line":124,"column":10},"end":{"line":126,"column":11}},"31":{"start":{"line":125,"column":12},"end":{"line":125,"column":41}},"32":{"start":{"line":133,"column":10},"end":{"line":133,"column":60}},"33":{"start":{"line":134,"column":10},"end":{"line":134,"column":68}},"34":{"start":{"line":134,"column":39},"end":{"line":134,"column":66}},"35":{"start":{"line":140,"column":4},"end":{"line":140,"column":104}},"36":{"start":{"line":142,"column":4},"end":{"line":142,"column":28}},"37":{"start":{"line":143,"column":4},"end":{"line":143,"column":33}},"38":{"start":{"line":145,"column":4},"end":{"line":145,"column":117}},"39":{"start":{"line":162,"column":4},"end":{"line":162,"column":38}},"40":{"start":{"line":164,"column":4},"end":{"line":164,"column":93}},"41":{"start":{"line":165,"column":4},"end":{"line":165,"column":130}},"42":{"start":{"line":184,"column":4},"end":{"line":184,"column":52}},"43":{"start":{"line":203,"column":4},"end":{"line":203,"column":38}},"44":{"start":{"line":206,"column":4},"end":{"line":206,"column":41}},"45":{"start":{"line":209,"column":4},"end":{"line":209,"column":31}},"46":{"start":{"line":212,"column":4},"end":{"line":212,"column":38}},"47":{"start":{"line":215,"column":4},"end":{"line":215,"column":38}},"48":{"start":{"line":219,"column":4},"end":{"line":219,"column":35}},"49":{"start":{"line":223,"column":4},"end":{"line":223,"column":21}},"50":{"start":{"line":227,"column":4},"end":{"line":227,"column":23}},"51":{"start":{"line":228,"column":4},"end":{"line":228,"column":33}},"52":{"start":{"line":232,"column":4},"end":{"line":232,"column":39}},"53":{"start":{"line":235,"column":4},"end":{"line":235,"column":36}},"54":{"start":{"line":239,"column":4},"end":{"line":239,"column":66}},"55":{"start":{"line":243,"column":4},"end":{"line":243,"column":84}},"56":{"start":{"line":247,"column":4},"end":{"line":256,"column":13}},"57":{"start":{"line":248,"column":6},"end":{"line":250,"column":8}},"58":{"start":{"line":251,"column":6},"end":{"line":253,"column":7}},"59":{"start":{"line":252,"column":8},"end":{"line":252,"column":27}},"60":{"start":{"line":254,"column":6},"end":{"line":254,"column":39}},"61":{"start":{"line":255,"column":6},"end":{"line":255,"column":25}},"62":{"start":{"line":259,"column":4},"end":{"line":259,"column":68}},"63":{"start":{"line":259,"column":46},"end":{"line":259,"column":66}},"64":{"start":{"line":262,"column":4},"end":{"line":262,"column":124}},"65":{"start":{"line":264,"column":4},"end":{"line":288,"column":7}},"66":{"start":{"line":267,"column":6},"end":{"line":276,"column":14}},"67":{"start":{"line":268,"column":8},"end":{"line":275,"column":9}},"68":{"start":{"line":269,"column":10},"end":{"line":269,"column":40}},"69":{"start":{"line":271,"column":10},"end":{"line":271,"column":34}},"70":{"start":{"line":272,"column":10},"end":{"line":272,"column":30}},"71":{"start":{"line":274,"column":10},"end":{"line":274,"column":70}},"72":{"start":{"line":279,"column":6},"end":{"line":287,"column":25}},"73":{"start":{"line":280,"column":8},"end":{"line":280,"column":54}},"74":{"start":{"line":282,"column":8},"end":{"line":282,"column":32}},"75":{"start":{"line":283,"column":8},"end":{"line":283,"column":28}},"76":{"start":{"line":285,"column":8},"end":{"line":285,"column":19}},"77":{"start":{"line":306,"column":4},"end":{"line":306,"column":38}},"78":{"start":{"line":309,"column":4},"end":{"line":309,"column":41}},"79":{"start":{"line":312,"column":4},"end":{"line":312,"column":31}},"80":{"start":{"line":315,"column":4},"end":{"line":315,"column":38}},"81":{"start":{"line":318,"column":4},"end":{"line":318,"column":38}},"82":{"start":{"line":322,"column":4},"end":{"line":322,"column":35}},"83":{"start":{"line":326,"column":4},"end":{"line":326,"column":21}},"84":{"start":{"line":330,"column":4},"end":{"line":330,"column":23}},"85":{"start":{"line":331,"column":4},"end":{"line":331,"column":33}},"86":{"start":{"line":335,"column":4},"end":{"line":335,"column":39}},"87":{"start":{"line":338,"column":4},"end":{"line":338,"column":36}},"88":{"start":{"line":342,"column":4},"end":{"line":342,"column":66}},"89":{"start":{"line":346,"column":4},"end":{"line":346,"column":84}},"90":{"start":{"line":350,"column":4},"end":{"line":359,"column":13}},"91":{"start":{"line":351,"column":6},"end":{"line":353,"column":8}},"92":{"start":{"line":354,"column":6},"end":{"line":356,"column":7}},"93":{"start":{"line":355,"column":8},"end":{"line":355,"column":27}},"94":{"start":{"line":357,"column":6},"end":{"line":357,"column":39}},"95":{"start":{"line":358,"column":6},"end":{"line":358,"column":25}},"96":{"start":{"line":362,"column":4},"end":{"line":362,"column":68}},"97":{"start":{"line":362,"column":46},"end":{"line":362,"column":66}},"98":{"start":{"line":365,"column":4},"end":{"line":365,"column":43}},"99":{"start":{"line":367,"column":4},"end":{"line":367,"column":17}},"100":{"start":{"line":383,"column":4},"end":{"line":383,"column":79}},"101":{"start":{"line":384,"column":4},"end":{"line":384,"column":64}},"102":{"start":{"line":386,"column":4},"end":{"line":386,"column":82}},"103":{"start":{"line":387,"column":4},"end":{"line":387,"column":140}},"104":{"start":{"line":389,"column":4},"end":{"line":389,"column":60}},"105":{"start":{"line":405,"column":0},"end":{"line":407,"column":1}},"106":{"start":{"line":406,"column":2},"end":{"line":406,"column":34}},"107":{"start":{"line":419,"column":0},"end":{"line":424,"column":1}},"108":{"start":{"line":420,"column":2},"end":{"line":422,"column":3}},"109":{"start":{"line":421,"column":4},"end":{"line":421,"column":41}},"110":{"start":{"line":423,"column":2},"end":{"line":423,"column":33}},"111":{"start":{"line":438,"column":0},"end":{"line":444,"column":1}},"112":{"start":{"line":439,"column":2},"end":{"line":443,"column":31}},"113":{"start":{"line":441,"column":6},"end":{"line":441,"column":42}},"114":{"start":{"line":442,"column":6},"end":{"line":442,"column":17}},"115":{"start":{"line":461,"column":0},"end":{"line":493,"column":1}},"116":{"start":{"line":463,"column":2},"end":{"line":466,"column":3}},"117":{"start":{"line":464,"column":4},"end":{"line":464,"column":72}},"118":{"start":{"line":465,"column":4},"end":{"line":465,"column":16}},"119":{"start":{"line":468,"column":2},"end":{"line":468,"column":40}},"120":{"start":{"line":470,"column":2},"end":{"line":471,"column":79}},"121":{"start":{"line":471,"column":21},"end":{"line":471,"column":78}},"122":{"start":{"line":474,"column":2},"end":{"line":474,"column":38}},"123":{"start":{"line":477,"column":2},"end":{"line":477,"column":30}},"124":{"start":{"line":480,"column":2},"end":{"line":480,"column":20}},"125":{"start":{"line":486,"column":2},"end":{"line":486,"column":22}},"126":{"start":{"line":489,"column":2},"end":{"line":489,"column":72}},"127":{"start":{"line":491,"column":2},"end":{"line":491,"column":16}}},"branchMap":{"1":{"line":54,"type":"if","locations":[{"start":{"line":54,"column":4},"end":{"line":54,"column":4}},{"start":{"line":54,"column":4},"end":{"line":54,"column":4}}]},"2":{"line":54,"type":"binary-expr","locations":[{"start":{"line":54,"column":8},"end":{"line":54,"column":22}},{"start":{"line":54,"column":26},"end":{"line":54,"column":48}},{"start":{"line":54,"column":52},"end":{"line":54,"column":93}}]},"3":{"line":88,"type":"if","locations":[{"start":{"line":88,"column":4},"end":{"line":88,"column":4}},{"start":{"line":88,"column":4},"end":{"line":88,"column":4}}]},"4":{"line":88,"type":"binary-expr","locations":[{"start":{"line":88,"column":8},"end":{"line":88,"column":36}},{"start":{"line":88,"column":40},"end":{"line":88,"column":62}}]},"5":{"line":96,"type":"if","locations":[{"start":{"line":96,"column":4},"end":{"line":96,"column":4}},{"start":{"line":96,"column":4},"end":{"line":96,"column":4}}]},"6":{"line":106,"type":"if","locations":[{"start":{"line":106,"column":6},"end":{"line":106,"column":6}},{"start":{"line":106,"column":6},"end":{"line":106,"column":6}}]},"7":{"line":114,"type":"binary-expr","locations":[{"start":{"line":114,"column":45},"end":{"line":114,"column":63}},{"start":{"line":114,"column":67},"end":{"line":114,"column":76}}]},"8":{"line":116,"type":"if","locations":[{"start":{"line":116,"column":8},"end":{"line":116,"column":8}},{"start":{"line":116,"column":8},"end":{"line":116,"column":8}}]},"9":{"line":124,"type":"if","locations":[{"start":{"line":124,"column":10},"end":{"line":124,"column":10}},{"start":{"line":124,"column":10},"end":{"line":124,"column":10}}]},"10":{"line":243,"type":"binary-expr","locations":[{"start":{"line":243,"column":51},"end":{"line":243,"column":69}},{"start":{"line":243,"column":73},"end":{"line":243,"column":82}}]},"11":{"line":251,"type":"if","locations":[{"start":{"line":251,"column":6},"end":{"line":251,"column":6}},{"start":{"line":251,"column":6},"end":{"line":251,"column":6}}]},"12":{"line":268,"type":"if","locations":[{"start":{"line":268,"column":8},"end":{"line":268,"column":8}},{"start":{"line":268,"column":8},"end":{"line":268,"column":8}}]},"13":{"line":268,"type":"binary-expr","locations":[{"start":{"line":268,"column":12},"end":{"line":268,"column":31}},{"start":{"line":268,"column":35},"end":{"line":268,"column":65}},{"start":{"line":268,"column":69},"end":{"line":268,"column":103}}]},"14":{"line":346,"type":"binary-expr","locations":[{"start":{"line":346,"column":51},"end":{"line":346,"column":69}},{"start":{"line":346,"column":73},"end":{"line":346,"column":82}}]},"15":{"line":354,"type":"if","locations":[{"start":{"line":354,"column":6},"end":{"line":354,"column":6}},{"start":{"line":354,"column":6},"end":{"line":354,"column":6}}]},"16":{"line":406,"type":"binary-expr","locations":[{"start":{"line":406,"column":9},"end":{"line":406,"column":18}},{"start":{"line":406,"column":22},"end":{"line":406,"column":33}}]},"17":{"line":420,"type":"if","locations":[{"start":{"line":420,"column":2},"end":{"line":420,"column":2}},{"start":{"line":420,"column":2},"end":{"line":420,"column":2}}]},"18":{"line":423,"type":"cond-expr","locations":[{"start":{"line":423,"column":22},"end":{"line":423,"column":28}},{"start":{"line":423,"column":31},"end":{"line":423,"column":32}}]},"19":{"line":463,"type":"if","locations":[{"start":{"line":463,"column":2},"end":{"line":463,"column":2}},{"start":{"line":463,"column":2},"end":{"line":463,"column":2}}]}}},"/home/cal/projects/pokerpro-backend/engine/poker-engine/domain-utils/split-pot.js":{"path":"/home/cal/projects/pokerpro-backend/engine/poker-engine/domain-utils/split-pot.js","s":{"1":1,"2":0,"3":0,"4":0,"5":0,"6":0,"7":0,"8":0,"9":0,"10":0,"11":0,"12":0,"13":0,"14":0,"15":0,"16":0,"17":0,"18":0,"19":0,"20":0,"21":1,"22":0,"23":0,"24":0,"25":0,"26":0,"27":0,"28":0,"29":0,"30":0,"31":0,"32":0},"b":{"1":[0,0],"2":[0,0],"3":[0,0],"4":[0,0],"5":[0,0],"6":[0,0],"7":[0,0]},"f":{"1":0,"2":0,"3":0,"4":0,"5":0,"6":0},"fnMap":{"1":{"name":"splitPot","line":18,"loc":{"start":{"line":18,"column":27},"end":{"line":18,"column":48}}},"2":{"name":"(anonymous_2)","line":31,"loc":{"start":{"line":31,"column":19},"end":{"line":31,"column":46}}},"3":{"name":"(anonymous_3)","line":33,"loc":{"start":{"line":33,"column":20},"end":{"line":33,"column":34}}},"4":{"name":"(anonymous_4)","line":45,"loc":{"start":{"line":45,"column":24},"end":{"line":45,"column":44}}},"5":{"name":"createSidepots","line":54,"loc":{"start":{"line":54,"column":0},"end":{"line":54,"column":33}}},"6":{"name":"(anonymous_6)","line":60,"loc":{"start":{"line":60,"column":18},"end":{"line":60,"column":47}}}},"statementMap":{"1":{"start":{"line":18,"column":0},"end":{"line":50,"column":1}},"2":{"start":{"line":20,"column":2},"end":{"line":20,"column":60}},"3":{"start":{"line":22,"column":2},"end":{"line":24,"column":3}},"4":{"start":{"line":23,"column":4},"end":{"line":23,"column":11}},"5":{"start":{"line":27,"column":2},"end":{"line":27,"column":55}},"6":{"start":{"line":27,"column":38},"end":{"line":27,"column":53}},"7":{"start":{"line":29,"column":2},"end":{"line":29,"column":35}},"8":{"start":{"line":31,"column":2},"end":{"line":38,"column":5}},"9":{"start":{"line":32,"column":4},"end":{"line":32,"column":71}},"10":{"start":{"line":33,"column":4},"end":{"line":37,"column":7}},"11":{"start":{"line":34,"column":6},"end":{"line":34,"column":41}},"12":{"start":{"line":35,"column":6},"end":{"line":35,"column":26}},"13":{"start":{"line":36,"column":6},"end":{"line":36,"column":25}},"14":{"start":{"line":40,"column":2},"end":{"line":40,"column":83}},"15":{"start":{"line":40,"column":68},"end":{"line":40,"column":76}},"16":{"start":{"line":44,"column":2},"end":{"line":48,"column":3}},"17":{"start":{"line":45,"column":4},"end":{"line":47,"column":5}},"18":{"start":{"line":45,"column":46},"end":{"line":45,"column":65}},"19":{"start":{"line":45,"column":66},"end":{"line":45,"column":77}},"20":{"start":{"line":46,"column":6},"end":{"line":46,"column":45}},"21":{"start":{"line":54,"column":0},"end":{"line":76,"column":1}},"22":{"start":{"line":56,"column":2},"end":{"line":56,"column":41}},"23":{"start":{"line":58,"column":2},"end":{"line":58,"column":22}},"24":{"start":{"line":60,"column":2},"end":{"line":72,"column":5}},"25":{"start":{"line":62,"column":4},"end":{"line":64,"column":5}},"26":{"start":{"line":62,"column":46},"end":{"line":62,"column":72}},"27":{"start":{"line":63,"column":6},"end":{"line":63,"column":13}},"28":{"start":{"line":68,"column":4},"end":{"line":70,"column":5}},"29":{"start":{"line":68,"column":26},"end":{"line":68,"column":54}},"30":{"start":{"line":69,"column":6},"end":{"line":69,"column":59}},"31":{"start":{"line":74,"column":2},"end":{"line":74,"column":51}},"32":{"start":{"line":74,"column":32},"end":{"line":74,"column":49}}},"branchMap":{"1":{"line":22,"type":"if","locations":[{"start":{"line":22,"column":2},"end":{"line":22,"column":2}},{"start":{"line":22,"column":2},"end":{"line":22,"column":2}}]},"2":{"line":32,"type":"cond-expr","locations":[{"start":{"line":32,"column":27},"end":{"line":32,"column":36}},{"start":{"line":32,"column":39},"end":{"line":32,"column":70}}]},"3":{"line":44,"type":"if","locations":[{"start":{"line":44,"column":2},"end":{"line":44,"column":2}},{"start":{"line":44,"column":2},"end":{"line":44,"column":2}}]},"4":{"line":45,"type":"if","locations":[{"start":{"line":45,"column":4},"end":{"line":45,"column":4}},{"start":{"line":45,"column":4},"end":{"line":45,"column":4}}]},"5":{"line":62,"type":"if","locations":[{"start":{"line":62,"column":4},"end":{"line":62,"column":4}},{"start":{"line":62,"column":4},"end":{"line":62,"column":4}}]},"6":{"line":62,"type":"binary-expr","locations":[{"start":{"line":62,"column":8},"end":{"line":62,"column":23}},{"start":{"line":62,"column":27},"end":{"line":62,"column":81}}]},"7":{"line":68,"type":"if","locations":[{"start":{"line":68,"column":4},"end":{"line":68,"column":4}},{"start":{"line":68,"column":4},"end":{"line":68,"column":4}}]}}}}