TN:
SF:/home/cal/projects/pokerpro-backend/match-maker/index.js
FN:1,MatchMaker
FN:11,(anonymous_2)
FNF:2
FNH:0
FNDA:0,MatchMaker
FNDA:0,(anonymous_2)
DA:1,1
DA:2,0
DA:4,0
DA:5,0
DA:9,1
DA:11,1
DA:13,0
DA:16,0
DA:20,0
DA:21,0
DA:22,0
DA:25,0
DA:26,0
DA:30,0
DA:31,0
DA:35,0
DA:38,0
DA:42,1
LF:18
LH:4
BRDA:20,1,0,0
BRDA:20,1,1,0
BRF:2
BRH:0
end_of_record
TN:
SF:/home/cal/projects/pokerpro-backend/engine/index.js
FN:36,(anonymous_1)
FN:57,(anonymous_2)
FN:62,(anonymous_3)
FN:80,(anonymous_4)
FN:82,(anonymous_5)
FN:87,(anonymous_6)
FN:120,(anonymous_7)
FN:159,(anonymous_8)
FN:186,(anonymous_9)
FN:213,(anonymous_10)
FNF:10
FNH:0
FNDA:0,(anonymous_1)
FNDA:0,(anonymous_2)
FNDA:0,(anonymous_3)
FNDA:0,(anonymous_4)
FNDA:0,(anonymous_5)
FNDA:0,(anonymous_6)
FNDA:0,(anonymous_7)
FNDA:0,(anonymous_8)
FNDA:0,(anonymous_9)
FNDA:0,(anonymous_10)
DA:4,1
DA:6,1
DA:7,1
DA:9,1
DA:10,1
DA:12,1
DA:37,0
DA:38,0
DA:39,0
DA:40,0
DA:41,0
DA:43,0
DA:45,0
DA:48,0
DA:51,0
DA:53,0
DA:55,0
DA:58,0
DA:63,0
DA:69,0
DA:70,0
DA:71,0
DA:74,0
DA:76,0
DA:80,0
DA:81,0
DA:83,0
DA:84,0
DA:85,0
DA:90,0
DA:91,0
DA:92,0
DA:127,0
DA:133,0
DA:134,0
DA:140,0
DA:141,0
DA:143,0
DA:160,0
DA:162,0
DA:163,0
DA:165,0
DA:166,0
DA:168,0
DA:169,0
DA:187,0
DA:189,0
DA:190,0
DA:192,0
DA:193,0
DA:195,0
DA:196,0
DA:215,0
DA:218,0
DA:221,0
DA:225,0
DA:237,1
DA:239,1
DA:244,1
DA:246,1
DA:247,1
DA:249,1
DA:250,1
DA:252,1
LF:64
LH:14
BRDA:69,1,0,0
BRDA:69,1,1,0
BRDA:133,2,0,0
BRDA:133,2,1,0
BRDA:140,3,0,0
BRDA:140,3,1,0
BRDA:162,4,0,0
BRDA:162,4,1,0
BRDA:165,5,0,0
BRDA:165,5,1,0
BRDA:189,6,0,0
BRDA:189,6,1,0
BRDA:192,7,0,0
BRDA:192,7,1,0
BRDA:218,8,0,0
BRDA:218,8,1,0
BRF:16
BRH:0
end_of_record
TN:
SF:/home/cal/projects/pokerpro-backend/engine/config.js
FNF:0
FNH:0
DA:4,1
DA:59,1
DA:61,0
DA:63,0
DA:64,0
DA:67,0
DA:68,0
DA:71,0
DA:72,0
DA:76,1
DA:80,0
DA:81,0
DA:82,0
DA:83,0
DA:87,1
LF:15
LH:4
BRDA:59,1,0,0
BRDA:59,1,1,1
BRDA:63,2,0,0
BRDA:63,2,1,0
BRDA:67,3,0,0
BRDA:67,3,1,0
BRDA:71,4,0,0
BRDA:71,4,1,0
BRDA:76,5,0,0
BRDA:76,5,1,1
BRF:10
BRH:2
end_of_record
TN:
SF:/home/cal/projects/pokerpro-backend/engine/storage/logger.js
FNF:0
FNH:0
DA:4,1
DA:6,1
DA:8,1
DA:12,1
DA:17,1
DA:19,1
LF:6
LH:6
BRF:0
BRH:0
end_of_record
TN:
SF:/home/cal/projects/pokerpro-backend/engine/utils/generator-runner.js
FN:7,run
FN:16,handleNext
FN:21,handleResult
FN:40,handleErr
FNF:4
FNH:0
FNDA:0,run
FNDA:0,handleNext
FNDA:0,handleResult
FNDA:0,handleErr
DA:7,1
DA:9,0
DA:12,0
DA:15,0
DA:19,0
DA:21,0
DA:23,0
DA:25,0
DA:39,0
DA:41,0
LF:10
LH:1
BRDA:23,1,0,0
BRDA:23,1,1,0
BRF:2
BRH:0
end_of_record
TN:
SF:/home/cal/projects/pokerpro-backend/engine/poker-engine/game-loop.js
FN:20,dealer
FN:22,sleep
FN:26,waitResume
FN:27,(anonymous_4)
FN:28,(anonymous_5)
FN:160,getRankingLogMessage
FN:161,(anonymous_7)
FNF:7
FNH:0
FNDA:0,dealer
FNDA:0,sleep
FNDA:0,waitResume
FNDA:0,(anonymous_4)
FNDA:0,(anonymous_5)
FNDA:0,getRankingLogMessage
FNDA:0,(anonymous_7)
DA:4,1
DA:6,1
DA:7,1
DA:9,1
DA:10,1
DA:13,1
DA:14,1
DA:16,1
DA:20,1
DA:22,1
DA:23,0
DA:26,1
DA:27,0
DA:28,0
DA:29,0
DA:30,0
DA:36,0
DA:38,0
DA:39,0
DA:46,0
DA:52,0
DA:53,0
DA:55,0
DA:57,0
DA:59,0
DA:64,0
DA:65,0
DA:67,0
DA:68,0
DA:69,0
DA:75,0
DA:76,0
DA:77,0
DA:82,0
DA:83,0
DA:91,0
DA:93,0
DA:99,0
DA:100,0
DA:101,0
DA:105,0
DA:107,0
DA:108,0
DA:115,0
DA:117,0
DA:125,0
DA:131,0
DA:139,0
DA:160,1
DA:161,0
DA:162,0
LF:51
LH:12
BRDA:29,1,0,0
BRDA:29,1,1,0
BRDA:46,2,0,0
BRDA:46,2,1,0
BRDA:67,3,0,0
BRDA:67,3,1,0
BRDA:67,4,0,0
BRDA:67,4,1,0
BRDA:75,5,0,0
BRDA:75,5,1,0
BRDA:76,6,0,0
BRDA:76,6,1,0
BRDA:99,7,0,0
BRDA:99,7,1,0
BRDA:105,8,0,0
BRDA:105,8,1,0
BRDA:105,9,0,0
BRDA:105,9,1,0
BRDA:107,10,0,0
BRDA:107,10,1,0
BRDA:117,11,0,0
BRDA:117,11,1,0
BRF:22
BRH:0
end_of_record
TN:
SF:/home/cal/projects/pokerpro-backend/engine/storage/storage.js
FN:21,save
FN:28,(anonymous_2)
FN:42,(anonymous_3)
FNF:3
FNH:0
FNDA:0,save
FNDA:0,(anonymous_2)
FNDA:0,(anonymous_3)
DA:4,1
DA:21,1
DA:25,0
DA:26,0
DA:27,0
DA:28,0
DA:29,0
DA:30,0
DA:31,0
DA:32,0
DA:33,0
DA:34,0
DA:42,0
DA:43,0
LF:14
LH:2
BRDA:25,1,0,0
BRDA:25,1,1,0
BRF:2
BRH:0
end_of_record
TN:
SF:/home/cal/projects/pokerpro-backend/engine/poker-engine/domain/tournament-status.js
FNF:0
FNH:0
DA:4,1
DA:8,1
DA:12,1
DA:16,1
DA:19,1
DA:21,1
LF:6
LH:6
BRF:0
BRH:0
end_of_record
TN:
SF:/home/cal/projects/pokerpro-backend/engine/poker-engine/domain/player-status.js
FNF:0
FNH:0
DA:4,1
DA:7,1
DA:11,1
DA:15,1
DA:17,1
LF:5
LH:5
BRF:0
BRH:0
end_of_record
TN:
SF:/home/cal/projects/pokerpro-backend/engine/poker-engine/setup-tasks.js
FN:30,setup
FN:98,getAssignedCardsLogMessage
FN:99,(anonymous_3)
FN:101,(anonymous_4)
FNF:4
FNH:0
FNDA:0,setup
FNDA:0,getAssignedCardsLogMessage
FNDA:0,(anonymous_3)
FNDA:0,(anonymous_4)
DA:4,1
DA:6,1
DA:8,1
DA:10,1
DA:11,1
DA:12,1
DA:13,1
DA:14,1
DA:15,1
DA:30,1
DA:32,0
DA:36,0
DA:38,0
DA:44,0
DA:46,0
DA:52,0
DA:54,0
DA:59,0
DA:61,0
DA:62,0
DA:69,0
DA:71,0
DA:76,0
DA:78,0
DA:98,1
DA:99,0
DA:100,0
DA:101,0
DA:102,0
LF:29
LH:11
BRDA:61,1,0,0
BRDA:61,1,1,0
BRDA:100,2,0,0
BRDA:100,2,1,0
BRF:4
BRH:0
end_of_record
TN:
SF:/home/cal/projects/pokerpro-backend/engine/poker-engine/domain-utils/reset-gamestate.js
FN:18,resetGamestate
FN:29,(anonymous_2)
FN:31,(anonymous_3)
FNF:3
FNH:0
FNDA:0,resetGamestate
FNDA:0,(anonymous_2)
FNDA:0,(anonymous_3)
DA:4,1
DA:18,1
DA:20,0
DA:22,0
DA:23,0
DA:26,0
DA:27,0
DA:29,0
DA:31,0
DA:35,0
DA:36,0
DA:39,0
DA:41,0
DA:42,0
DA:43,0
LF:15
LH:2
BRDA:35,1,0,0
BRDA:35,1,1,0
BRF:2
BRH:0
end_of_record
TN:
SF:/home/cal/projects/pokerpro-backend/engine/poker-engine/domain-utils/assign-dealer-button.js
FN:23,assignDealerButton
FNF:1
FNH:0
FNDA:0,assignDealerButton
DA:4,1
DA:6,1
DA:8,1
DA:23,1
DA:25,0
DA:27,0
DA:28,0
DA:32,0
DA:34,0
DA:36,0
DA:38,0
DA:42,0
DA:43,0
DA:44,0
DA:45,0
DA:49,0
LF:16
LH:4
BRDA:27,1,0,0
BRDA:27,1,1,0
BRDA:32,2,0,0
BRDA:32,2,1,0
BRDA:44,3,0,0
BRDA:44,3,1,0
BRF:6
BRH:0
end_of_record
TN:
SF:/home/cal/projects/pokerpro-backend/engine/poker-engine/lib/get-next-player-index.js
FN:18,getNextPlayerIndex
FNF:1
FNH:0
FNDA:0,getNextPlayerIndex
DA:18,1
DA:20,0
DA:22,0
DA:23,0
DA:26,0
LF:5
LH:1
BRDA:22,1,0,0
BRDA:22,1,1,0
BRF:2
BRH:0
end_of_record
TN:
SF:/home/cal/projects/pokerpro-backend/engine/poker-engine/domain-utils/compute-small-blind.js
FN:18,setSBAmount
FNF:1
FNH:0
FNDA:0,setSBAmount
DA:4,1
DA:18,1
DA:30,0
DA:31,0
DA:33,0
DA:35,0
DA:38,0
LF:7
LH:2
BRDA:31,1,0,0
BRDA:31,1,1,0
BRF:2
BRH:0
end_of_record
TN:
SF:/home/cal/projects/pokerpro-backend/engine/poker-engine/domain-utils/pay-antes.js
FN:20,payAntes
FNF:1
FNH:0
FNDA:0,payAntes
DA:4,1
DA:6,1
DA:20,1
DA:22,0
DA:23,0
DA:28,0
DA:32,0
DA:33,0
DA:36,0
DA:37,0
LF:10
LH:3
BRDA:22,1,0,0
BRDA:22,1,1,0
BRDA:32,2,0,0
BRDA:32,2,1,0
BRF:4
BRH:0
end_of_record
TN:
SF:/home/cal/projects/pokerpro-backend/engine/poker-engine/domain-utils/pay-blinds.js
FN:20,payBlinds
FNF:1
FNH:0
FNDA:0,payBlinds
DA:4,1
DA:6,1
DA:20,1
DA:22,0
DA:26,0
DA:28,0
DA:33,0
DA:35,0
DA:36,0
LF:9
LH:3
BRF:0
BRH:0
end_of_record
TN:
SF:/home/cal/projects/pokerpro-backend/engine/poker-engine/lib/get-next-active-player-index.js
FN:21,getNextActivePlayerIndex
FNF:1
FNH:0
FNDA:0,getNextActivePlayerIndex
DA:4,1
DA:6,1
DA:21,1
DA:23,0
DA:25,0
DA:26,0
DA:27,0
DA:30,0
LF:8
LH:3
BRF:0
BRH:0
end_of_record
TN:
SF:/home/cal/projects/pokerpro-backend/engine/poker-engine/domain-utils/assign-cards.js
FN:26,assignCards
FN:32,assignCard
FNF:2
FNH:0
FNDA:0,assignCards
FNDA:0,assignCard
DA:4,1
DA:5,1
DA:8,1
DA:10,1
DA:12,1
DA:26,1
DA:28,0
DA:30,0
DA:32,1
DA:33,0
DA:34,0
DA:42,0
DA:43,0
LF:13
LH:7
BRDA:33,1,0,0
BRDA:33,1,1,0
BRF:2
BRH:0
end_of_record
TN:
SF:/home/cal/projects/pokerpro-backend/engine/poker-engine/lib/loop-from.js
FN:25,loopFrom
FNF:1
FNH:0
FNDA:0,loopFrom
DA:4,1
DA:6,1
DA:25,1
DA:27,0
DA:28,0
DA:30,0
DA:32,0
DA:34,0
DA:35,0
DA:39,0
LF:10
LH:3
BRF:0
BRH:0
end_of_record
TN:
SF:/home/cal/projects/pokerpro-backend/engine/poker-engine/teardown-tasks.js
FN:15,teardown
FN:73,getRankingLogMessage
FN:75,(anonymous_3)
FN:96,getWinsLogMessage
FN:97,(anonymous_5)
FNF:5
FNH:0
FNDA:0,teardown
FNDA:0,getRankingLogMessage
FNDA:0,(anonymous_3)
FNDA:0,getWinsLogMessage
FNDA:0,(anonymous_5)
DA:4,1
DA:6,1
DA:7,1
DA:9,1
DA:10,1
DA:11,1
DA:15,1
DA:18,0
DA:21,0
DA:23,0
DA:26,0
DA:28,0
DA:30,0
DA:34,0
DA:36,0
DA:38,0
DA:42,0
DA:43,0
DA:44,0
DA:45,0
DA:46,0
DA:50,0
DA:54,0
DA:73,1
DA:74,0
DA:75,0
DA:76,0
DA:77,0
DA:96,1
DA:97,0
DA:98,0
LF:31
LH:9
BRDA:44,1,0,0
BRDA:44,1,1,0
BRF:2
BRH:0
end_of_record
TN:
SF:/home/cal/projects/pokerpro-backend/engine/poker-engine/domain-utils/showdown.js
FN:21,showdown
FN:35,(anonymous_2)
FNF:2
FNH:0
FNDA:0,showdown
FNDA:0,(anonymous_2)
DA:4,1
DA:21,1
DA:23,0
DA:25,0
DA:26,0
DA:31,0
DA:33,0
DA:35,0
DA:36,0
DA:37,0
LF:10
LH:2
BRDA:25,1,0,0
BRDA:25,1,1,0
BRF:2
BRH:0
end_of_record
TN:
SF:/home/cal/projects/pokerpro-backend/engine/poker-engine/domain-utils/assign-pot.js
FN:18,assignPot
FN:21,assignChips
FN:63,(anonymous_3)
FN:91,(anonymous_4)
FNF:4
FNH:0
FNDA:0,assignPot
FNDA:0,assignChips
FNDA:0,(anonymous_3)
FNDA:0,(anonymous_4)
DA:4,1
DA:18,1
DA:21,1
DA:22,0
DA:24,0
DA:25,0
DA:27,0
DA:29,0
DA:30,0
DA:33,0
DA:40,0
DA:44,0
DA:52,0
DA:53,0
DA:58,0
DA:59,0
DA:63,0
DA:66,0
DA:68,0
DA:69,0
DA:71,0
DA:72,0
DA:75,0
DA:76,0
DA:78,0
DA:87,0
DA:89,0
DA:90,0
DA:91,0
DA:92,0
DA:93,0
DA:94,0
LF:32
LH:3
BRDA:29,1,0,0
BRDA:29,1,1,0
BRDA:52,2,0,0
BRDA:52,2,1,0
BRDA:58,3,0,0
BRDA:58,3,1,0
BRDA:71,4,0,0
BRDA:71,4,1,0
BRDA:71,5,0,0
BRDA:71,5,1,0
BRDA:89,6,0,0
BRDA:89,6,1,0
BRDA:92,7,0,0
BRDA:92,7,1,0
BRDA:92,8,0,0
BRDA:92,8,1,0
BRF:16
BRH:0
end_of_record
TN:
SF:/home/cal/projects/pokerpro-backend/engine/poker-engine/domain-utils/update-players-status.js
FN:21,updatePlayerStatus
FN:43,(anonymous_2)
FNF:2
FNH:0
FNDA:0,updatePlayerStatus
FNDA:0,(anonymous_2)
DA:4,1
DA:21,1
DA:23,0
DA:24,0
DA:27,0
DA:28,0
DA:30,0
DA:31,0
DA:35,0
DA:36,0
DA:37,0
DA:42,0
DA:44,0
DA:45,0
DA:46,0
DA:47,0
LF:16
LH:2
BRDA:23,1,0,0
BRDA:23,1,1,0
BRDA:30,2,0,0
BRDA:30,2,1,0
BRDA:35,3,0,0
BRDA:35,3,1,0
BRDA:45,4,0,0
BRDA:45,4,1,0
BRF:8
BRH:0
end_of_record
TN:
SF:/home/cal/projects/pokerpro-backend/engine/poker-engine/bet-loop.js
FN:35,betLoop
FN:85,(anonymous_2)
FN:173,getGameSession
FN:207,isBetRoundFinished
FN:235,getPlayerStatusLogMessage
FN:236,(anonymous_6)
FN:258,getCommonCardsLogMessage
FN:259,(anonymous_8)
FNF:8
FNH:0
FNDA:0,betLoop
FNDA:0,(anonymous_2)
FNDA:0,getGameSession
FNDA:0,isBetRoundFinished
FNDA:0,getPlayerStatusLogMessage
FNDA:0,(anonymous_6)
FNDA:0,getCommonCardsLogMessage
FNDA:0,(anonymous_8)
DA:4,1
DA:6,1
DA:7,1
DA:10,1
DA:11,1
DA:13,1
DA:14,1
DA:16,1
DA:19,1
DA:35,1
DA:37,0
DA:39,0
DA:40,0
DA:41,0
DA:42,0
DA:49,0
DA:54,0
DA:58,0
DA:59,0
DA:65,0
DA:67,0
DA:68,0
DA:70,0
DA:72,0
DA:74,0
DA:79,0
DA:82,0
DA:84,0
DA:86,0
DA:92,0
DA:99,0
DA:103,0
DA:112,0
DA:114,0
DA:119,0
DA:121,0
DA:125,0
DA:127,0
DA:131,0
DA:134,0
DA:137,0
DA:145,0
DA:146,0
DA:148,0
DA:173,1
DA:174,0
DA:176,0
DA:178,0
DA:180,0
DA:182,0
DA:207,1
DA:209,0
DA:210,0
DA:213,0
DA:217,0
DA:235,1
DA:236,0
DA:237,0
DA:239,0
DA:258,1
DA:259,0
DA:260,0
LF:62
LH:14
BRDA:49,1,0,0
BRDA:49,1,1,0
BRDA:67,2,0,0
BRDA:67,2,1,0
BRDA:114,3,0,0
BRDA:114,3,1,0
BRDA:125,4,0,0
BRDA:125,4,1,0
BRDA:139,5,0,0
BRDA:139,5,1,0
BRDA:174,6,0,0
BRDA:174,6,1,0
BRDA:174,6,2,0
BRDA:174,6,3,0
BRDA:209,7,0,0
BRDA:209,7,1,0
BRDA:217,8,0,0
BRDA:217,8,1,0
BRDA:237,9,0,0
BRDA:237,9,1,0
BRF:20
BRH:0
end_of_record
TN:
SF:/home/cal/projects/pokerpro-backend/engine/poker-engine/domain/game-session.js
FNF:0
FNH:0
DA:4,1
DA:6,1
DA:8,1
DA:10,1
DA:12,1
DA:14,1
LF:6
LH:6
BRF:0
BRH:0
end_of_record
TN:
SF:/home/cal/projects/pokerpro-backend/engine/poker-engine/domain-utils/should-bet.js
FN:29,shouldBet
FNF:1
FNH:0
FNDA:0,shouldBet
DA:4,1
DA:6,1
DA:7,1
DA:29,1
DA:37,0
DA:39,0
DA:50,0
DA:51,0
DA:55,0
LF:9
LH:4
BRDA:37,1,0,0
BRDA:37,1,1,0
BRDA:37,2,0,0
BRDA:37,2,1,0
BRDA:50,3,0,0
BRDA:50,3,1,0
BRDA:50,4,0,0
BRDA:50,4,1,0
BRDA:50,4,2,0
BRDA:50,5,0,0
BRDA:50,5,1,0
BRF:11
BRH:0
end_of_record
TN:
SF:/home/cal/projects/pokerpro-backend/engine/poker-engine/domain-utils/should-break.js
FN:27,shouldBreak
FNF:1
FNH:0
FNDA:0,shouldBreak
DA:4,1
DA:6,1
DA:27,1
DA:29,0
DA:30,0
DA:37,0
DA:38,0
LF:7
LH:3
BRDA:29,1,0,0
BRDA:29,1,1,0
BRDA:38,2,0,0
BRDA:38,2,1,0
BRF:4
BRH:0
end_of_record
TN:
SF:/home/cal/projects/pokerpro-backend/engine/poker-engine/domain-utils/request-queue.js
FN:5,(anonymous_1)
FN:7,(anonymous_2)
FNF:2
FNH:0
FNDA:0,(anonymous_1)
FNDA:0,(anonymous_2)
DA:3,1
DA:7,0
DA:8,0
DA:9,0
DA:10,0
LF:5
LH:1
BRDA:8,1,0,0
BRDA:8,1,1,0
BRF:2
BRH:0
end_of_record
TN:
SF:/home/cal/projects/pokerpro-backend/engine/poker-engine/lib/loop-from-async.js
FN:29,asyncFrom
FNF:1
FNH:0
FNDA:0,asyncFrom
DA:4,1
DA:6,1
DA:29,1
DA:31,0
DA:32,0
DA:33,0
DA:37,0
DA:38,0
DA:40,0
DA:42,0
DA:43,0
DA:46,0
DA:48,0
DA:49,0
DA:53,0
LF:15
LH:3
BRDA:31,1,0,0
BRDA:31,1,1,0
BRDA:42,2,0,0
BRDA:42,2,1,0
BRF:4
BRH:0
end_of_record
TN:
SF:/home/cal/projects/pokerpro-backend/engine/poker-engine/domain-utils/player-factory.js
FN:40,(anonymous_1)
FN:78,(anonymous_2)
FN:161,(anonymous_3)
FN:183,(anonymous_4)
FN:201,(anonymous_5)
FN:247,(anonymous_6)
FN:267,(anonymous_7)
FN:279,(anonymous_8)
FN:304,(anonymous_9)
FN:350,(anonymous_10)
FN:382,(anonymous_11)
FN:405,isValidPlayer
FN:419,sanitizeAmount
FN:438,getBestCombinationCardsLogMessage
FN:440,(anonymous_15)
FN:461,factory
FNF:16
FNH:0
FNDA:0,(anonymous_1)
FNDA:0,(anonymous_2)
FNDA:0,(anonymous_3)
FNDA:0,(anonymous_4)
FNDA:0,(anonymous_5)
FNDA:0,(anonymous_6)
FNDA:0,(anonymous_7)
FNDA:0,(anonymous_8)
FNDA:0,(anonymous_9)
FNDA:0,(anonymous_10)
FNDA:0,(anonymous_11)
FNDA:0,isValidPlayer
FNDA:0,sanitizeAmount
FNDA:0,getBestCombinationCardsLogMessage
FNDA:0,(anonymous_15)
FNDA:0,factory
DA:4,1
DA:6,1
DA:7,1
DA:9,1
DA:10,1
DA:11,1
DA:14,1
DA:16,1
DA:22,1
DA:24,1
DA:42,0
DA:44,0
DA:49,0
DA:50,0
DA:52,0
DA:54,0
DA:55,0
DA:58,0
DA:82,0
DA:85,0
DA:88,0
DA:91,0
DA:94,0
DA:96,0
DA:106,0
DA:107,0
DA:114,0
DA:116,0
DA:124,0
DA:125,0
DA:133,0
DA:134,0
DA:140,0
DA:142,0
DA:143,0
DA:145,0
DA:162,0
DA:164,0
DA:165,0
DA:184,0
DA:203,0
DA:206,0
DA:209,0
DA:212,0
DA:215,0
DA:219,0
DA:223,0
DA:227,0
DA:228,0
DA:232,0
DA:235,0
DA:239,0
DA:243,0
DA:247,0
DA:248,0
DA:251,0
DA:252,0
DA:254,0
DA:255,0
DA:259,0
DA:262,0
DA:264,0
DA:267,0
DA:268,0
DA:269,0
DA:271,0
DA:272,0
DA:274,0
DA:279,0
DA:280,0
DA:282,0
DA:283,0
DA:285,0
DA:306,0
DA:309,0
DA:312,0
DA:315,0
DA:318,0
DA:322,0
DA:326,0
DA:330,0
DA:331,0
DA:335,0
DA:338,0
DA:342,0
DA:346,0
DA:350,0
DA:351,0
DA:354,0
DA:355,0
DA:357,0
DA:358,0
DA:362,0
DA:365,0
DA:367,0
DA:383,0
DA:384,0
DA:386,0
DA:387,0
DA:389,0
DA:405,1
DA:406,0
DA:419,1
DA:420,0
DA:421,0
DA:423,0
DA:438,1
DA:439,0
DA:441,0
DA:442,0
DA:461,1
DA:463,0
DA:464,0
DA:465,0
DA:468,0
DA:470,0
DA:471,0
DA:474,0
DA:477,0
DA:480,0
DA:486,0
DA:489,0
DA:491,0
LF:123
LH:14
BRDA:54,1,0,0
BRDA:54,1,1,0
BRDA:54,2,0,0
BRDA:54,2,1,0
BRDA:54,2,2,0
BRDA:88,3,0,0
BRDA:88,3,1,0
BRDA:88,4,0,0
BRDA:88,4,1,0
BRDA:96,5,0,0
BRDA:96,5,1,0
BRDA:106,6,0,0
BRDA:106,6,1,0
BRDA:114,7,0,0
BRDA:114,7,1,0
BRDA:116,8,0,0
BRDA:116,8,1,0
BRDA:124,9,0,0
BRDA:124,9,1,0
BRDA:243,10,0,0
BRDA:243,10,1,0
BRDA:251,11,0,0
BRDA:251,11,1,0
BRDA:268,12,0,0
BRDA:268,12,1,0
BRDA:268,13,0,0
BRDA:268,13,1,0
BRDA:268,13,2,0
BRDA:346,14,0,0
BRDA:346,14,1,0
BRDA:354,15,0,0
BRDA:354,15,1,0
BRDA:406,16,0,0
BRDA:406,16,1,0
BRDA:420,17,0,0
BRDA:420,17,1,0
BRDA:423,18,0,0
BRDA:423,18,1,0
BRDA:463,19,0,0
BRDA:463,19,1,0
BRF:40
BRH:0
end_of_record
TN:
SF:/home/cal/projects/pokerpro-backend/engine/poker-engine/domain-utils/split-pot.js
FN:18,splitPot
FN:31,(anonymous_2)
FN:33,(anonymous_3)
FN:45,(anonymous_4)
FN:54,createSidepots
FN:60,(anonymous_6)
FNF:6
FNH:0
FNDA:0,splitPot
FNDA:0,(anonymous_2)
FNDA:0,(anonymous_3)
FNDA:0,(anonymous_4)
FNDA:0,createSidepots
FNDA:0,(anonymous_6)
DA:18,1
DA:20,0
DA:22,0
DA:23,0
DA:27,0
DA:29,0
DA:31,0
DA:32,0
DA:33,0
DA:34,0
DA:35,0
DA:36,0
DA:40,0
DA:44,0
DA:45,0
DA:46,0
DA:54,1
DA:56,0
DA:58,0
DA:60,0
DA:62,0
DA:63,0
DA:68,0
DA:69,0
DA:74,0
LF:25
LH:2
BRDA:22,1,0,0
BRDA:22,1,1,0
BRDA:32,2,0,0
BRDA:32,2,1,0
BRDA:44,3,0,0
BRDA:44,3,1,0
BRDA:45,4,0,0
BRDA:45,4,1,0
BRDA:62,5,0,0
BRDA:62,5,1,0
BRDA:62,6,0,0
BRDA:62,6,1,0
BRDA:68,7,0,0
BRDA:68,7,1,0
BRF:14
BRH:0
end_of_record
